==18137== Memcheck, a memory error detector
==18137== Copyright (C) 2002-2012, and GNU GPL'd, by Julian Seward et al.
==18137== Using Valgrind-3.8.1 and LibVEX; rerun with -h for copyright info
==18137== Command: ./pa10
==18137== Parent PID: 29193
==18137== 
--18137-- 
--18137-- Valgrind options:
--18137--    --tool=memcheck
--18137--    --leak-check=full
--18137--    --verbose
--18137--    --log-file=memcheck.log
--18137-- Contents of /proc/version:
--18137--   Linux version 2.6.32-504.1.3.el6.x86_64 (mockbuild@x86-022.build.eng.bos.redhat.com) (gcc version 4.4.7 20120313 (Red Hat 4.4.7-9) (GCC) ) #1 SMP Fri Oct 31 11:37:10 EDT 2014
--18137-- Arch and hwcaps: AMD64, amd64-sse3-cx16-avx
--18137-- Page sizes: currently 4096, max supported 4096
--18137-- Valgrind library directory: /usr/lib64/valgrind
--18137-- Reading syms from /home/shay/a/jain98/ECE264/solutions/PA10/pa10
--18137-- Reading syms from /usr/lib64/valgrind/memcheck-amd64-linux
--18137--    object doesn't have a dynamic symbol table
--18137-- Reading syms from /lib64/ld-2.12.so
--18137--   Considering /usr/lib/debug/.build-id/3b/fa45bce0e82e1d90d37a0cc8630f97f2003bf5.debug ..
--18137--   .. build-id is valid
--18137-- Scheduler: using generic scheduler lock implementation.
--18137-- Reading suppressions file: /usr/lib64/valgrind/default.supp
==18137== embedded gdbserver: reading from /tmp/vgdb-pipe-from-vgdb-to-18137-by-jain98-on-ecegrid-thin5.ecn.purdue.edu
==18137== embedded gdbserver: writing to   /tmp/vgdb-pipe-to-vgdb-from-18137-by-jain98-on-ecegrid-thin5.ecn.purdue.edu
==18137== embedded gdbserver: shared mem   /tmp/vgdb-pipe-shared-mem-vgdb-18137-by-jain98-on-ecegrid-thin5.ecn.purdue.edu
==18137== 
==18137== TO CONTROL THIS PROCESS USING vgdb (which you probably
==18137== don't want to do, unless you know exactly what you're doing,
==18137== or are doing some strange experiment):
==18137==   /usr/lib64/valgrind/../../bin/vgdb --pid=18137 ...command...
==18137== 
==18137== TO DEBUG THIS PROCESS USING GDB: start GDB like this
==18137==   /path/to/gdb ./pa10
==18137== and then give GDB the following command
==18137==   target remote | /usr/lib64/valgrind/../../bin/vgdb --pid=18137
==18137== --pid is optional if only one valgrind process is running
==18137== 
--18137-- REDIR: 0x398ac17610 (strlen) redirected to 0x38049551 (vgPlain_amd64_linux_REDIR_FOR_strlen)
--18137-- Reading syms from /usr/lib64/valgrind/vgpreload_core-amd64-linux.so
--18137-- Reading syms from /usr/lib64/valgrind/vgpreload_memcheck-amd64-linux.so
--18137-- REDIR: 0x398ac17480 (index) redirected to 0x4a07c30 (index)
--18137-- REDIR: 0x398ac17500 (strcmp) redirected to 0x4a08570 (strcmp)
--18137-- Reading syms from /lib64/libc-2.12.so
--18137--   Considering /usr/lib/debug/.build-id/73/3ad3a438b5a695f7a63a77413f9b2c8c94e8e6.debug ..
--18137--   .. build-id is valid
--18137-- REDIR: 0x398b084cd0 (strcasecmp) redirected to 0x480155c (_vgnU_ifunc_wrapper)
--18137-- REDIR: 0x398b086f90 (strncasecmp) redirected to 0x480155c (_vgnU_ifunc_wrapper)
--18137-- REDIR: 0x398b082c40 (__GI_strrchr) redirected to 0x4a07ab0 (__GI_strrchr)
--18137-- REDIR: 0x398b07a640 (malloc) redirected to 0x4a069ac (malloc)
--18137-- REDIR: 0x398b083350 (memchr) redirected to 0x4a08610 (memchr)
--18137-- REDIR: 0x398b089670 (memcpy) redirected to 0x4a08b60 (memcpy)
--18137-- REDIR: 0x398b081120 (strlen) redirected to 0x480155c (_vgnU_ifunc_wrapper)
--18137-- REDIR: 0x398b1336f0 (__strlen_sse42) redirected to 0x4a07f90 (strlen)
--18137-- REDIR: 0x398b07f630 (index) redirected to 0x480155c (_vgnU_ifunc_wrapper)
--18137-- REDIR: 0x398b128370 (__strchr_sse42) redirected to 0x4a07b40 (index)
--18137-- REDIR: 0x398b081160 (__GI_strlen) redirected to 0x4a07fb0 (__GI_strlen)
--18137-- REDIR: 0x398b07f6e0 (strcmp) redirected to 0x480155c (_vgnU_ifunc_wrapper)
--18137-- REDIR: 0x398b128420 (__strcmp_sse42) redirected to 0x4a084d0 (strcmp)
--18137-- REDIR: 0x398b07b520 (free) redirected to 0x4a063a9 (free)
--18137-- REDIR: 0x398b08aaf0 (strchrnul) redirected to 0x4a09fb0 (strchrnul)
==18137== 
==18137== HEAP SUMMARY:
==18137==     in use at exit: 0 bytes in 0 blocks
==18137==   total heap usage: 924,244 allocs, 924,244 frees, 98,683,168 bytes allocated
==18137== 
==18137== All heap blocks were freed -- no leaks are possible
==18137== 
==18137== ERROR SUMMARY: 0 errors from 0 contexts (suppressed: 6 from 6)
--18137-- 
--18137-- used_suppression:      4 U1004-ARM-_dl_relocate_object
--18137-- used_suppression:      2 glibc-2.5.x-on-SUSE-10.2-(PPC)-2a
==18137== 
==18137== ERROR SUMMARY: 0 errors from 0 contexts (suppressed: 6 from 6)
