==3560== Memcheck, a memory error detector
==3560== Copyright (C) 2002-2012, and GNU GPL'd, by Julian Seward et al.
==3560== Using Valgrind-3.8.1 and LibVEX; rerun with -h for copyright info
==3560== Command: ./pa03
==3560== Parent PID: 1786
==3560== 
--3560-- 
--3560-- Valgrind options:
--3560--    --tool=memcheck
--3560--    --leak-check=full
--3560--    --verbose
--3560--    --log-file=memcheck.log
--3560-- Contents of /proc/version:
--3560--   Linux version 2.6.32-431.23.3.el6.x86_64 (mockbuild@x86-027.build.eng.bos.redhat.com) (gcc version 4.4.7 20120313 (Red Hat 4.4.7-4) (GCC) ) #1 SMP Wed Jul 16 06:12:23 EDT 2014
--3560-- Arch and hwcaps: AMD64, amd64-sse3-cx16
--3560-- Page sizes: currently 4096, max supported 4096
--3560-- Valgrind library directory: /usr/lib64/valgrind
--3560-- Reading syms from /home/shay/a/jain98/ECE264/problems/ECE264Assignments/Fall2014/PA03/pa03
--3560-- Reading syms from /usr/lib64/valgrind/memcheck-amd64-linux
--3560--    object doesn't have a dynamic symbol table
--3560-- Reading syms from /lib64/ld-2.12.so
--3560--   Considering /usr/lib/debug/.build-id/57/bf668f99b7f5917b8d55fbb645173c9a644575.debug ..
--3560--   .. build-id is valid
--3560-- Scheduler: using generic scheduler lock implementation.
--3560-- Reading suppressions file: /usr/lib64/valgrind/default.supp
==3560== embedded gdbserver: reading from /tmp/vgdb-pipe-from-vgdb-to-3560-by-jain98-on-ecegrid-thin2.ecn.purdue.edu
==3560== embedded gdbserver: writing to   /tmp/vgdb-pipe-to-vgdb-from-3560-by-jain98-on-ecegrid-thin2.ecn.purdue.edu
==3560== embedded gdbserver: shared mem   /tmp/vgdb-pipe-shared-mem-vgdb-3560-by-jain98-on-ecegrid-thin2.ecn.purdue.edu
==3560== 
==3560== TO CONTROL THIS PROCESS USING vgdb (which you probably
==3560== don't want to do, unless you know exactly what you're doing,
==3560== or are doing some strange experiment):
==3560==   /usr/lib64/valgrind/../../bin/vgdb --pid=3560 ...command...
==3560== 
==3560== TO DEBUG THIS PROCESS USING GDB: start GDB like this
==3560==   /path/to/gdb ./pa03
==3560== and then give GDB the following command
==3560==   target remote | /usr/lib64/valgrind/../../bin/vgdb --pid=3560
==3560== --pid is optional if only one valgrind process is running
==3560== 
--3560-- REDIR: 0x312f017530 (strlen) redirected to 0x38049551 (vgPlain_amd64_linux_REDIR_FOR_strlen)
--3560-- Reading syms from /usr/lib64/valgrind/vgpreload_core-amd64-linux.so
--3560-- Reading syms from /usr/lib64/valgrind/vgpreload_memcheck-amd64-linux.so
--3560-- REDIR: 0x312f0173a0 (index) redirected to 0x4a07bf0 (index)
--3560-- REDIR: 0x312f017420 (strcmp) redirected to 0x4a08530 (strcmp)
--3560-- Reading syms from /lib64/libc-2.12.so
--3560--   Considering /usr/lib/debug/.build-id/07/b5ce35eba864a01b697f5ca117e94b9248064f.debug ..
--3560--   .. build-id is valid
--3560-- REDIR: 0x312f484cd0 (strcasecmp) redirected to 0x480155c (_vgnU_ifunc_wrapper)
--3560-- REDIR: 0x312f486f90 (strncasecmp) redirected to 0x480155c (_vgnU_ifunc_wrapper)
--3560-- REDIR: 0x312f482c40 (__GI_strrchr) redirected to 0x4a07a70 (__GI_strrchr)
--3560-- REDIR: 0x312f47a640 (malloc) redirected to 0x4a0696c (malloc)
--3560-- REDIR: 0x312f489670 (memcpy) redirected to 0x4a08b20 (memcpy)
--3560-- REDIR: 0x312f481120 (strlen) redirected to 0x480155c (_vgnU_ifunc_wrapper)
--3560-- REDIR: 0x312f533560 (__strlen_sse42) redirected to 0x4a07f50 (strlen)
--3560-- REDIR: 0x312f47b520 (free) redirected to 0x4a06369 (free)
--3560-- REDIR: 0x312f47f470 (strcat) redirected to 0x4a07c20 (strcat)
--3560-- REDIR: 0x312f48aaf0 (strchrnul) redirected to 0x4a09f10 (strchrnul)
--3560-- REDIR: 0x312f484500 (mempcpy) redirected to 0x4a09f80 (mempcpy)
--3560-- REDIR: 0x312f47f630 (index) redirected to 0x480155c (_vgnU_ifunc_wrapper)
--3560-- REDIR: 0x312f5281e0 (__strchr_sse42) redirected to 0x4a07b00 (index)
--3560-- REDIR: 0x312f481160 (__GI_strlen) redirected to 0x4a07f70 (__GI_strlen)
--3560-- REDIR: 0x312f480b70 (strcpy) redirected to 0x480155c (_vgnU_ifunc_wrapper)
--3560-- REDIR: 0x312f534000 (???) redirected to 0x4a07f90 (strcpy)
--3560-- REDIR: 0x312f47f6e0 (strcmp) redirected to 0x480155c (_vgnU_ifunc_wrapper)
--3560-- REDIR: 0x312f528290 (__strcmp_sse42) redirected to 0x4a08490 (strcmp)
==3560== 
==3560== HEAP SUMMARY:
==3560==     in use at exit: 63 bytes in 5 blocks
==3560==   total heap usage: 23 allocs, 18 frees, 400 bytes allocated
==3560== 
==3560== Searching for pointers to 5 not-freed blocks
==3560== Checked 64,536 bytes
==3560== 
==3560== 23 bytes in 1 blocks are definitely lost in loss record 4 of 5
==3560==    at 0x4A069EE: malloc (vg_replace_malloc.c:270)
==3560==    by 0x400B10: strcat_ex (answer03.c:37)
==3560==    by 0x400E9A: implode (answer03.c:158)
==3560==    by 0x400939: main (pa03.c:58)
==3560== 
==3560== 40 (24 direct, 16 indirect) bytes in 1 blocks are definitely lost in loss record 5 of 5
==3560==    at 0x4A069EE: malloc (vg_replace_malloc.c:270)
==3560==    by 0x4008DA: main (pa03.c:53)
==3560== 
==3560== LEAK SUMMARY:
==3560==    definitely lost: 47 bytes in 2 blocks
==3560==    indirectly lost: 16 bytes in 3 blocks
==3560==      possibly lost: 0 bytes in 0 blocks
==3560==    still reachable: 0 bytes in 0 blocks
==3560==         suppressed: 0 bytes in 0 blocks
==3560== 
==3560== ERROR SUMMARY: 2 errors from 2 contexts (suppressed: 6 from 6)
--3560-- 
--3560-- used_suppression:      4 U1004-ARM-_dl_relocate_object
--3560-- used_suppression:      2 glibc-2.5.x-on-SUSE-10.2-(PPC)-2a
==3560== 
==3560== ERROR SUMMARY: 2 errors from 2 contexts (suppressed: 6 from 6)
