==2551== Memcheck, a memory error detector
==2551== Copyright (C) 2002-2012, and GNU GPL'd, by Julian Seward et al.
==2551== Using Valgrind-3.8.1 and LibVEX; rerun with -h for copyright info
==2551== Command: ./pa08
==2551== Parent PID: 23005
==2551== 
--2551-- 
--2551-- Valgrind options:
--2551--    --tool=memcheck
--2551--    --leak-check=full
--2551--    --verbose
--2551--    --log-file=memcheck.log
--2551-- Contents of /proc/version:
--2551--   Linux version 2.6.32-431.23.3.el6.x86_64 (mockbuild@x86-027.build.eng.bos.redhat.com) (gcc version 4.4.7 20120313 (Red Hat 4.4.7-4) (GCC) ) #1 SMP Wed Jul 16 06:12:23 EDT 2014
--2551-- Arch and hwcaps: AMD64, amd64-sse3-cx16
--2551-- Page sizes: currently 4096, max supported 4096
--2551-- Valgrind library directory: /usr/lib64/valgrind
--2551-- Reading syms from /home/shay/a/jain98/ECE264/solutions/PA08/pa08
--2551-- Reading syms from /usr/lib64/valgrind/memcheck-amd64-linux
--2551--    object doesn't have a dynamic symbol table
--2551-- Reading syms from /lib64/ld-2.12.so
--2551--   Considering /usr/lib/debug/.build-id/3b/fa45bce0e82e1d90d37a0cc8630f97f2003bf5.debug ..
--2551--   .. build-id is valid
--2551-- Scheduler: using generic scheduler lock implementation.
--2551-- Reading suppressions file: /usr/lib64/valgrind/default.supp
==2551== embedded gdbserver: reading from /tmp/vgdb-pipe-from-vgdb-to-2551-by-jain98-on-ecegrid-thin3.ecn.purdue.edu
==2551== embedded gdbserver: writing to   /tmp/vgdb-pipe-to-vgdb-from-2551-by-jain98-on-ecegrid-thin3.ecn.purdue.edu
==2551== embedded gdbserver: shared mem   /tmp/vgdb-pipe-shared-mem-vgdb-2551-by-jain98-on-ecegrid-thin3.ecn.purdue.edu
==2551== 
==2551== TO CONTROL THIS PROCESS USING vgdb (which you probably
==2551== don't want to do, unless you know exactly what you're doing,
==2551== or are doing some strange experiment):
==2551==   /usr/lib64/valgrind/../../bin/vgdb --pid=2551 ...command...
==2551== 
==2551== TO DEBUG THIS PROCESS USING GDB: start GDB like this
==2551==   /path/to/gdb ./pa08
==2551== and then give GDB the following command
==2551==   target remote | /usr/lib64/valgrind/../../bin/vgdb --pid=2551
==2551== --pid is optional if only one valgrind process is running
==2551== 
--2551-- REDIR: 0x3968617610 (strlen) redirected to 0x38049551 (vgPlain_amd64_linux_REDIR_FOR_strlen)
--2551-- Reading syms from /usr/lib64/valgrind/vgpreload_core-amd64-linux.so
--2551-- Reading syms from /usr/lib64/valgrind/vgpreload_memcheck-amd64-linux.so
--2551-- REDIR: 0x3968617480 (index) redirected to 0x4a07c30 (index)
--2551-- REDIR: 0x3968617500 (strcmp) redirected to 0x4a08570 (strcmp)
--2551-- Reading syms from /lib64/libc-2.12.so
--2551--   Considering /usr/lib/debug/.build-id/73/3ad3a438b5a695f7a63a77413f9b2c8c94e8e6.debug ..
--2551--   .. build-id is valid
--2551-- REDIR: 0x3968a84cd0 (strcasecmp) redirected to 0x480155c (_vgnU_ifunc_wrapper)
--2551-- REDIR: 0x3968a86f90 (strncasecmp) redirected to 0x480155c (_vgnU_ifunc_wrapper)
--2551-- REDIR: 0x3968a82c40 (__GI_strrchr) redirected to 0x4a07ab0 (__GI_strrchr)
--2551-- REDIR: 0x3968a7a640 (malloc) redirected to 0x4a069ac (malloc)
--2551-- REDIR: 0x3968a81160 (__GI_strlen) redirected to 0x4a07fb0 (__GI_strlen)
--2551-- REDIR: 0x3968a89670 (memcpy) redirected to 0x4a08b60 (memcpy)
==2551== Stack overflow in thread 1: can't grow stack to 0x7fe601fe8
==2551== 
==2551== Process terminating with default action of signal 11 (SIGSEGV)
==2551==  Access not within mapped region at address 0x7FE601FE8
==2551==    at 0x400682: List_length (answer08.c:40)
==2551==    by 0x4008F8: List_sort (answer08.c:168)
==2551==    by 0x400959: List_sort (answer08.c:182)
==2551==    by 0x400959: List_sort (answer08.c:182)
==2551==    by 0x400959: List_sort (answer08.c:182)
==2551==    by 0x400959: List_sort (answer08.c:182)
==2551==    by 0x400959: List_sort (answer08.c:182)
==2551==    by 0x400959: List_sort (answer08.c:182)
==2551==    by 0x400959: List_sort (answer08.c:182)
==2551==    by 0x400959: List_sort (answer08.c:182)
==2551==    by 0x400959: List_sort (answer08.c:182)
==2551==    by 0x400959: List_sort (answer08.c:182)
==2551==  If you believe this happened as a result of a stack
==2551==  overflow in your program's main thread (unlikely but
==2551==  possible), you can try to increase the size of the
==2551==  main thread stack using the --main-stacksize= flag.
==2551==  The main thread stack size used in this run was 10485760.
==2551== Stack overflow in thread 1: can't grow stack to 0x7fe601ff8
==2551== 
==2551== Process terminating with default action of signal 11 (SIGSEGV)
==2551==  Access not within mapped region at address 0x7FE601FF8
==2551==    at 0x4801661: _vgnU_freeres (vg_preloaded.c:58)
==2551==  If you believe this happened as a result of a stack
==2551==  overflow in your program's main thread (unlikely but
==2551==  possible), you can try to increase the size of the
==2551==  main thread stack using the --main-stacksize= flag.
==2551==  The main thread stack size used in this run was 10485760.
==2551== 
==2551== HEAP SUMMARY:
==2551==     in use at exit: 87 bytes in 8 blocks
==2551==   total heap usage: 8 allocs, 0 frees, 87 bytes allocated
==2551== 
==2551== Searching for pointers to 8 not-freed blocks
==2551== Checked 10,543,120 bytes
==2551== 
==2551== LEAK SUMMARY:
==2551==    definitely lost: 0 bytes in 0 blocks
==2551==    indirectly lost: 0 bytes in 0 blocks
==2551==      possibly lost: 0 bytes in 0 blocks
==2551==    still reachable: 87 bytes in 8 blocks
==2551==         suppressed: 0 bytes in 0 blocks
==2551== Reachable blocks (those to which a pointer was found) are not shown.
==2551== To see them, rerun with: --leak-check=full --show-reachable=yes
==2551== 
==2551== ERROR SUMMARY: 0 errors from 0 contexts (suppressed: 6 from 6)
--2551-- 
--2551-- used_suppression:      4 U1004-ARM-_dl_relocate_object
--2551-- used_suppression:      2 glibc-2.5.x-on-SUSE-10.2-(PPC)-2a
==2551== 
==2551== ERROR SUMMARY: 0 errors from 0 contexts (suppressed: 6 from 6)
