==20854== Memcheck, a memory error detector
==20854== Copyright (C) 2002-2012, and GNU GPL'd, by Julian Seward et al.
==20854== Using Valgrind-3.8.1 and LibVEX; rerun with -h for copyright info
==20854== Command: ./pa06 sample.0.5x5
==20854== Parent PID: 4884
==20854== 
--20854-- 
--20854-- Valgrind options:
--20854--    --tool=memcheck
--20854--    --leak-check=full
--20854--    --verbose
--20854--    --log-file=memcheck.log
--20854-- Contents of /proc/version:
--20854--   Linux version 2.6.32-431.29.2.el6.x86_64 (mockbuild@x86-026.build.eng.bos.redhat.com) (gcc version 4.4.7 20120313 (Red Hat 4.4.7-4) (GCC) ) #1 SMP Sun Jul 27 15:55:46 EDT 2014
--20854-- Arch and hwcaps: AMD64, amd64-sse3
--20854-- Page sizes: currently 4096, max supported 4096
--20854-- Valgrind library directory: /usr/lib64/valgrind
--20854-- Reading syms from /home/shay/a/jain98/ECE264/solutions/PA06/pa06
--20854-- Reading syms from /usr/lib64/valgrind/memcheck-amd64-linux
--20854--    object doesn't have a dynamic symbol table
--20854-- Reading syms from /lib64/ld-2.12.so
--20854-- Scheduler: using generic scheduler lock implementation.
--20854-- Reading suppressions file: /usr/lib64/valgrind/default.supp
==20854== embedded gdbserver: reading from /tmp/vgdb-pipe-from-vgdb-to-20854-by-jain98-on-ecegrid-thin6.ecn.purdue.edu
==20854== embedded gdbserver: writing to   /tmp/vgdb-pipe-to-vgdb-from-20854-by-jain98-on-ecegrid-thin6.ecn.purdue.edu
==20854== embedded gdbserver: shared mem   /tmp/vgdb-pipe-shared-mem-vgdb-20854-by-jain98-on-ecegrid-thin6.ecn.purdue.edu
==20854== 
==20854== TO CONTROL THIS PROCESS USING vgdb (which you probably
==20854== don't want to do, unless you know exactly what you're doing,
==20854== or are doing some strange experiment):
==20854==   /usr/lib64/valgrind/../../bin/vgdb --pid=20854 ...command...
==20854== 
==20854== TO DEBUG THIS PROCESS USING GDB: start GDB like this
==20854==   /path/to/gdb ./pa06
==20854== and then give GDB the following command
==20854==   target remote | /usr/lib64/valgrind/../../bin/vgdb --pid=20854
==20854== --pid is optional if only one valgrind process is running
==20854== 
--20854-- REDIR: 0x3822617610 (strlen) redirected to 0x38049551 (vgPlain_amd64_linux_REDIR_FOR_strlen)
--20854-- Reading syms from /usr/lib64/valgrind/vgpreload_core-amd64-linux.so
--20854-- Reading syms from /usr/lib64/valgrind/vgpreload_memcheck-amd64-linux.so
--20854-- REDIR: 0x3822617480 (index) redirected to 0x4a07c30 (index)
--20854-- REDIR: 0x3822617500 (strcmp) redirected to 0x4a08570 (strcmp)
--20854-- Reading syms from /lib64/libc-2.12.so
--20854-- REDIR: 0x3822a84cd0 (strcasecmp) redirected to 0x480155c (_vgnU_ifunc_wrapper)
--20854-- REDIR: 0x3822a86f90 (strncasecmp) redirected to 0x480155c (_vgnU_ifunc_wrapper)
--20854-- REDIR: 0x3822a82c40 (__GI_strrchr) redirected to 0x4a07ab0 (__GI_strrchr)
--20854-- REDIR: 0x3822a7a640 (malloc) redirected to 0x4a069ac (malloc)
--20854-- REDIR: 0x3822a83350 (memchr) redirected to 0x4a08610 (memchr)
--20854-- REDIR: 0x3822a89670 (memcpy) redirected to 0x4a08b60 (memcpy)
--20854-- REDIR: 0x3822a81120 (strlen) redirected to 0x480155c (_vgnU_ifunc_wrapper)
--20854-- REDIR: 0x3822a81160 (__GI_strlen) redirected to 0x4a07fb0 (__GI_strlen)
--20854-- REDIR: 0x3822a7b520 (free) redirected to 0x4a063a9 (free)
--20854-- REDIR: 0x3822a8aaf0 (strchrnul) redirected to 0x4a09fb0 (strchrnul)
==20854== Invalid write of size 1
==20854==    at 0x400CCA: move (answer06.c:46)
==20854==    by 0x400D40: recursive (answer06.c:57)
==20854==    by 0x400DF5: recursive (answer06.c:65)
==20854==    by 0x400FFB: print_directions (answer06.c:103)
==20854==    by 0x4008A3: main (pa06.c:37)
==20854==  Address 0x500000009 is not stack'd, malloc'd or (recently) free'd
==20854== 
==20854== 
==20854== Process terminating with default action of signal 11 (SIGSEGV)
==20854==  Access not within mapped region at address 0x500000009
==20854==    at 0x400CCA: move (answer06.c:46)
==20854==    by 0x400D40: recursive (answer06.c:57)
==20854==    by 0x400DF5: recursive (answer06.c:65)
==20854==    by 0x400FFB: print_directions (answer06.c:103)
==20854==    by 0x4008A3: main (pa06.c:37)
==20854==  If you believe this happened as a result of a stack
==20854==  overflow in your program's main thread (unlikely but
==20854==  possible), you can try to increase the size of the
==20854==  main thread stack using the --main-stacksize= flag.
==20854==  The main thread stack size used in this run was 10485760.
==20854== 
==20854== HEAP SUMMARY:
==20854==     in use at exit: 510 bytes in 5 blocks
==20854==   total heap usage: 7 allocs, 2 frees, 1,180 bytes allocated
==20854== 
==20854== Searching for pointers to 5 not-freed blocks
==20854== Checked 65,496 bytes
==20854== 
==20854== LEAK SUMMARY:
==20854==    definitely lost: 0 bytes in 0 blocks
==20854==    indirectly lost: 0 bytes in 0 blocks
==20854==      possibly lost: 0 bytes in 0 blocks
==20854==    still reachable: 510 bytes in 5 blocks
==20854==         suppressed: 0 bytes in 0 blocks
==20854== Reachable blocks (those to which a pointer was found) are not shown.
==20854== To see them, rerun with: --leak-check=full --show-reachable=yes
==20854== 
==20854== ERROR SUMMARY: 1 errors from 1 contexts (suppressed: 6 from 6)
==20854== 
==20854== 1 errors in context 1 of 1:
==20854== Invalid write of size 1
==20854==    at 0x400CCA: move (answer06.c:46)
==20854==    by 0x400D40: recursive (answer06.c:57)
==20854==    by 0x400DF5: recursive (answer06.c:65)
==20854==    by 0x400FFB: print_directions (answer06.c:103)
==20854==    by 0x4008A3: main (pa06.c:37)
==20854==  Address 0x500000009 is not stack'd, malloc'd or (recently) free'd
==20854== 
--20854-- 
--20854-- used_suppression:      4 U1004-ARM-_dl_relocate_object
--20854-- used_suppression:      2 glibc-2.5.x-on-SUSE-10.2-(PPC)-2a
==20854== 
==20854== ERROR SUMMARY: 1 errors from 1 contexts (suppressed: 6 from 6)
