==8353== Memcheck, a memory error detector
==8353== Copyright (C) 2002-2012, and GNU GPL'd, by Julian Seward et al.
==8353== Using Valgrind-3.8.1 and LibVEX; rerun with -h for copyright info
==8353== Command: ./pa01
==8353== Parent PID: 9561
==8353== 
--8353-- 
--8353-- Valgrind options:
--8353--    --tool=memcheck
--8353--    --leak-check=full
--8353--    --verbose
--8353--    --log-file=memcheck.log
--8353-- Contents of /proc/version:
--8353--   Linux version 2.6.32-431.29.2.el6.x86_64 (mockbuild@x86-026.build.eng.bos.redhat.com) (gcc version 4.4.7 20120313 (Red Hat 4.4.7-4) (GCC) ) #1 SMP Sun Jul 27 15:55:46 EDT 2014
--8353-- Arch and hwcaps: AMD64, amd64-sse3
--8353-- Page sizes: currently 4096, max supported 4096
--8353-- Valgrind library directory: /usr/lib64/valgrind
--8353-- Reading syms from /home/shay/a/jain98/ECE264/problems/ECE264Assignments/Fall2014/PA01/pa01
--8353-- Reading syms from /usr/lib64/valgrind/memcheck-amd64-linux
--8353--    object doesn't have a dynamic symbol table
--8353-- Reading syms from /lib64/ld-2.12.so
--8353-- Scheduler: using generic scheduler lock implementation.
--8353-- Reading suppressions file: /usr/lib64/valgrind/default.supp
==8353== embedded gdbserver: reading from /tmp/vgdb-pipe-from-vgdb-to-8353-by-jain98-on-ecegrid-thin6.ecn.purdue.edu
==8353== embedded gdbserver: writing to   /tmp/vgdb-pipe-to-vgdb-from-8353-by-jain98-on-ecegrid-thin6.ecn.purdue.edu
==8353== embedded gdbserver: shared mem   /tmp/vgdb-pipe-shared-mem-vgdb-8353-by-jain98-on-ecegrid-thin6.ecn.purdue.edu
==8353== 
==8353== TO CONTROL THIS PROCESS USING vgdb (which you probably
==8353== don't want to do, unless you know exactly what you're doing,
==8353== or are doing some strange experiment):
==8353==   /usr/lib64/valgrind/../../bin/vgdb --pid=8353 ...command...
==8353== 
==8353== TO DEBUG THIS PROCESS USING GDB: start GDB like this
==8353==   /path/to/gdb ./pa01
==8353== and then give GDB the following command
==8353==   target remote | /usr/lib64/valgrind/../../bin/vgdb --pid=8353
==8353== --pid is optional if only one valgrind process is running
==8353== 
--8353-- REDIR: 0x3937017530 (strlen) redirected to 0x38049551 (vgPlain_amd64_linux_REDIR_FOR_strlen)
--8353-- Reading syms from /usr/lib64/valgrind/vgpreload_core-amd64-linux.so
--8353-- Reading syms from /usr/lib64/valgrind/vgpreload_memcheck-amd64-linux.so
--8353-- REDIR: 0x39370173a0 (index) redirected to 0x4a07bf0 (index)
--8353-- REDIR: 0x3937017420 (strcmp) redirected to 0x4a08530 (strcmp)
--8353-- Reading syms from /lib64/libc-2.12.so
--8353-- REDIR: 0x3937484cd0 (strcasecmp) redirected to 0x480155c (_vgnU_ifunc_wrapper)
--8353-- REDIR: 0x3937486f90 (strncasecmp) redirected to 0x480155c (_vgnU_ifunc_wrapper)
--8353-- REDIR: 0x3937482c40 (__GI_strrchr) redirected to 0x4a07a70 (__GI_strrchr)
--8353-- REDIR: 0x3937481160 (__GI_strlen) redirected to 0x4a07f70 (__GI_strlen)
--8353-- REDIR: 0x3937484500 (mempcpy) redirected to 0x4a09f80 (mempcpy)
--8353-- REDIR: 0x393748aaf0 (strchrnul) redirected to 0x4a09f10 (strchrnul)
--8353-- REDIR: 0x393747b520 (free) redirected to 0x4a06369 (free)
==8353== 
==8353== HEAP SUMMARY:
==8353==     in use at exit: 0 bytes in 0 blocks
==8353==   total heap usage: 0 allocs, 0 frees, 0 bytes allocated
==8353== 
==8353== All heap blocks were freed -- no leaks are possible
==8353== 
==8353== ERROR SUMMARY: 0 errors from 0 contexts (suppressed: 6 from 6)
--8353-- 
--8353-- used_suppression:      4 U1004-ARM-_dl_relocate_object
--8353-- used_suppression:      2 glibc-2.5.x-on-SUSE-10.2-(PPC)-2a
==8353== 
==8353== ERROR SUMMARY: 0 errors from 0 contexts (suppressed: 6 from 6)
