commit ffc50d396467f0cb2860ff61a7e6c3ab534ec492
Author: Kshitij Jain <jain98@ecegrid-thin6.ecn.purdue.edu>
Date:   Tue Oct 14 23:40:44 2014 -0400

    stop

commit 22c40cc739948c5cd0fd2cd63a1e4e0b4a0dc777
Author: Kshitij Jain <jain98@ecegrid-thin6.ecn.purdue.edu>
Date:   Tue Oct 14 23:31:54 2014 -0400

    hey theer

commit b56a377cf80b38085afb64f2c6584e13b7223f71
Author: Kshitij Jain <jain98@users.noreply.github.com>
Date:   Thu Oct 9 13:13:32 2014 -0400

    Updated README

commit 942c573ba11701daba565c2af402f111b16a3c22
Author: Kshitij Jain <jain98@ecegrid-thin6.ecn.purdue.edu>
Date:   Thu Oct 9 13:12:01 2014 -0400

    Intialized README

commit 5684a6608865c958e7b5a5c7dab518797e053bdd
Author: Kshitij Jain <jain98@ecegrid-thin6.ecn.purdue.edu>
Date:   Thu Oct 9 13:09:38 2014 -0400

    Initial commit

commit 683274590594095c426685cdb5c53106ea490ad0
Author: Kshitij Jain <jain98@ecegrid-thin6.ecn.purdue.edu>
Date:   Thu Oct 9 12:58:42 2014 -0400

    Initial commit
