==21303== Memcheck, a memory error detector
==21303== Copyright (C) 2002-2012, and GNU GPL'd, by Julian Seward et al.
==21303== Using Valgrind-3.8.1 and LibVEX; rerun with -h for copyright info
==21303== Command: ./pa07 images/corrupt-testcases/07-comment-has-no-null-byte.ee264 out.bmp
==21303== Parent PID: 25179
==21303== 
--21303-- 
--21303-- Valgrind options:
--21303--    --tool=memcheck
--21303--    --leak-check=full
--21303--    --verbose
--21303--    --log-file=memcheck.log
--21303-- Contents of /proc/version:
--21303--   Linux version 2.6.32-431.29.2.el6.x86_64 (mockbuild@x86-026.build.eng.bos.redhat.com) (gcc version 4.4.7 20120313 (Red Hat 4.4.7-4) (GCC) ) #1 SMP Sun Jul 27 15:55:46 EDT 2014
--21303-- Arch and hwcaps: AMD64, amd64-sse3-cx16-avx
--21303-- Page sizes: currently 4096, max supported 4096
--21303-- Valgrind library directory: /usr/lib64/valgrind
--21303-- Reading syms from /home/shay/a/jain98/ECE264/solutions/PA07/pa07
--21303-- Reading syms from /usr/lib64/valgrind/memcheck-amd64-linux
--21303--    object doesn't have a dynamic symbol table
--21303-- Reading syms from /lib64/ld-2.12.so
--21303--   Considering /usr/lib/debug/.build-id/3b/fa45bce0e82e1d90d37a0cc8630f97f2003bf5.debug ..
--21303--   .. build-id is valid
--21303-- Scheduler: using generic scheduler lock implementation.
--21303-- Reading suppressions file: /usr/lib64/valgrind/default.supp
==21303== embedded gdbserver: reading from /tmp/vgdb-pipe-from-vgdb-to-21303-by-jain98-on-ecegrid-thin4.ecn.purdue.edu
==21303== embedded gdbserver: writing to   /tmp/vgdb-pipe-to-vgdb-from-21303-by-jain98-on-ecegrid-thin4.ecn.purdue.edu
==21303== embedded gdbserver: shared mem   /tmp/vgdb-pipe-shared-mem-vgdb-21303-by-jain98-on-ecegrid-thin4.ecn.purdue.edu
==21303== 
==21303== TO CONTROL THIS PROCESS USING vgdb (which you probably
==21303== don't want to do, unless you know exactly what you're doing,
==21303== or are doing some strange experiment):
==21303==   /usr/lib64/valgrind/../../bin/vgdb --pid=21303 ...command...
==21303== 
==21303== TO DEBUG THIS PROCESS USING GDB: start GDB like this
==21303==   /path/to/gdb ./pa07
==21303== and then give GDB the following command
==21303==   target remote | /usr/lib64/valgrind/../../bin/vgdb --pid=21303
==21303== --pid is optional if only one valgrind process is running
==21303== 
--21303-- REDIR: 0x3350217610 (strlen) redirected to 0x38049551 (vgPlain_amd64_linux_REDIR_FOR_strlen)
--21303-- Reading syms from /usr/lib64/valgrind/vgpreload_core-amd64-linux.so
--21303-- Reading syms from /usr/lib64/valgrind/vgpreload_memcheck-amd64-linux.so
--21303-- REDIR: 0x3350217480 (index) redirected to 0x4a07c30 (index)
--21303-- REDIR: 0x3350217500 (strcmp) redirected to 0x4a08570 (strcmp)
--21303-- Reading syms from /lib64/libc-2.12.so
--21303--   Considering /usr/lib/debug/.build-id/73/3ad3a438b5a695f7a63a77413f9b2c8c94e8e6.debug ..
--21303--   .. build-id is valid
--21303-- REDIR: 0x3350684cd0 (strcasecmp) redirected to 0x480155c (_vgnU_ifunc_wrapper)
--21303-- REDIR: 0x3350686f90 (strncasecmp) redirected to 0x480155c (_vgnU_ifunc_wrapper)
--21303-- REDIR: 0x3350682c40 (__GI_strrchr) redirected to 0x4a07ab0 (__GI_strrchr)
--21303-- REDIR: 0x335067a640 (malloc) redirected to 0x4a069ac (malloc)
--21303-- REDIR: 0x3350689670 (memcpy) redirected to 0x4a08b60 (memcpy)
--21303-- REDIR: 0x3350681160 (__GI_strlen) redirected to 0x4a07fb0 (__GI_strlen)
--21303-- REDIR: 0x335068aaf0 (strchrnul) redirected to 0x4a09fb0 (strchrnul)
--21303-- REDIR: 0x3350684500 (mempcpy) redirected to 0x4a0a020 (mempcpy)
--21303-- REDIR: 0x335067b520 (free) redirected to 0x4a063a9 (free)
==21303== 
==21303== HEAP SUMMARY:
==21303==     in use at exit: 0 bytes in 0 blocks
==21303==   total heap usage: 3 allocs, 3 frees, 680 bytes allocated
==21303== 
==21303== All heap blocks were freed -- no leaks are possible
==21303== 
==21303== ERROR SUMMARY: 0 errors from 0 contexts (suppressed: 6 from 6)
--21303-- 
--21303-- used_suppression:      4 U1004-ARM-_dl_relocate_object
--21303-- used_suppression:      2 glibc-2.5.x-on-SUSE-10.2-(PPC)-2a
==21303== 
==21303== ERROR SUMMARY: 0 errors from 0 contexts (suppressed: 6 from 6)
