commit 9047f531a8cb120fa7ebf1e7773ca16b24ace4a3
Author: amichaux <aaron@pageofswords.net>
Date:   Wed Aug 27 12:03:56 2014 -0400

    Added LAb7n8FE  to the tester

commit 370b0cfde0ad833705def537ee3003368a9d46ae
Author: amichaux <aaron@pageofswords.net>
Date:   Wed Aug 27 08:52:23 2014 -0400

    Clarfied instructions on PA01

commit c61072dd52628304fc90cc1971f51a74bcaac5cb
Author: amichaux <aaron@pageofswords.net>
Date:   Tue Aug 26 07:40:59 2014 -0400

    fixed tester for PA01

commit 9efa8b897a12ea98ecfba2dff0cb506ed8639d08
Author: amichaux <aaron@pageofswords.net>
Date:   Mon Aug 25 19:54:24 2014 -0400

    sane approach to handling TAs for tester

commit 81673ab389be0d8de57bba70589426446648ef76
Author: Aaron Michaux <aaron@pageofswords.net>
Date:   Mon Aug 25 13:55:43 2014 -0400

    Fall2014 assignments

commit 38c5fd69f29ff1af7677ce83a03889108b50629b
Author: amichaux <aaron@pageofswords.net>
Date:   Tue Jul 29 17:41:36 2014 -0400

    Added brian to tester

commit 61bc562a0dd9c47df136852d9cd65a5fa611d1e8
Author: Aaron Michaux <aaron@pageofswords.net>
Date:   Tue Jul 1 12:23:22 2014 -0400

    Tweaks to PA03 instructions

commit 9677187e6a13dac9757de2f9a13d26d61494fbb5
Author: amichaux <aaron@pageofswords.net>
Date:   Tue Jun 24 22:31:36 2014 -0400

    fix strchr argument order in README

commit d42e78cc981e4dee2e8b9de2d323a0c87245f4f5
Author: Aaron Michaux <aaron@pageofswords.net>
Date:   Sun Jun 22 15:11:45 2014 -0400

    tweak

commit dbfbecbf10f5969e5dcc004a5a7b367699f99707
Author: amichaux <aaron@pageofswords.net>
Date:   Wed Jun 18 22:06:24 2014 -0400

    minor tweaks

commit fb0f852d8bec8e6d91eb2eeec0d3af1d635234a6
Author: Aaron Michaux <aaron@pageofswords.net>
Date:   Sat Jun 14 12:23:14 2014 -0400

    tweaks

commit c26e79f4d6b9b4bf8080ea1aa971b5276118a1e2
Merge: 2eb3095 a677787
Author: Aaron Michaux <aaron@pageofswords.net>
Date:   Thu May 29 16:38:00 2014 -0400

    Merge branch 'master' of https://github.com/yunghsianglu/ECE264Assignments
    a

commit 2eb30955f78e1e2b30d17b9b52959d1867029c8f
Author: Aaron Michaux <aaron@pageofswords.net>
Date:   Thu May 29 16:36:56 2014 -0400

    Summer2014 first upload

commit a6777873a02f6b37d1fe1e676ac8956df740e6f1
Author: pranavmarla <pa.pranav@gmail.com>
Date:   Tue Apr 22 23:43:45 2014 -0400

    Fixed minor typos

commit 05cfb71c113b93b3a55e7b7d1c11fe208672b636
Author: pranavmarla <pa.pranav@gmail.com>
Date:   Tue Apr 22 23:40:05 2014 -0400

    Fixed minor typo

commit 7362c015aca8a4da2598ff3027fab8e63d10da4a
Author: pranavmarla <pa.pranav@gmail.com>
Date:   Tue Apr 22 23:39:36 2014 -0400

    Removed incorrect reference to pa06.h
    
    I went through all the previous assignment files but can't find any other mention of "typedef unsigned __int128 uint128;".

commit a29d6408752ddec8e2cf466c360745bb1d48d15c
Author: amichaux <aaron@pageofswords.net>
Date:   Mon Apr 21 18:44:10 2014 -0400

    added professors to the tester

commit afde260824bebebc5f924303d94683eb04970c38
Merge: df131d2 eb4741e
Author: amichaux <aaron@pageofswords.net>
Date:   Sun Apr 20 20:23:07 2014 -0400

    fix to pa11 tester

commit df131d29f027e4a685ae4f1e5c0d5c7cf8ad753e
Author: amichaux <aaron@pageofswords.net>
Date:   Sun Apr 20 20:22:01 2014 -0400

    fixed pa11 tester, uses nm to find symbol instead of grep

commit eb4741ee23613fccfb13cd71363c1ace80f5c5fe
Author: Aaron Michaux <aaron@pageofswords.net>
Date:   Tue Apr 15 15:44:24 2014 -0400

    tester now saves outputs and valgrind outputs

commit 5eaf48c38753c6bcf9a6fba5c226a9492791ba69
Merge: 0335f8c f40724e
Author: amichaux <aaron@pageofswords.net>
Date:   Sun Apr 13 21:49:20 2014 -0400

    Merge branch 'master' of https://github.com/yunghsianglu/ECE264Assignments
    
    mereg

commit 0335f8ce7a6c57828845e10fce792421e8a5c8f1
Author: amichaux <aaron@pageofswords.net>
Date:   Sun Apr 13 21:49:12 2014 -0400

    better tester saves all output files to student directory

commit f40724e987bb9fc532fe13dd149a012e73e52123
Author: pranavmarla <pa.pranav@gmail.com>
Date:   Thu Apr 10 21:34:44 2014 -0400

    Fixed error in isStackSortable description

commit b4e43ea83b83e9f0f049404b61e0fdb7ccf63dc4
Author: Aaron Michaux <aaron@pageofswords.net>
Date:   Thu Apr 10 16:06:25 2014 -0400

    removed atoi

commit 4a26ca6a99d36405300e61a53351b5f437b9b2ec
Author: pranavmarla <pa.pranav@gmail.com>
Date:   Thu Apr 10 13:13:12 2014 -0400

    Fixed minor typos

commit c62efe80698ea3e34a6ca0c4f2c034afa7218e1b
Merge: 7a2c262 22280ac
Author: amichaux <aaron@pageofswords.net>
Date:   Tue Apr 8 21:07:08 2014 -0400

    Merge branch 'master' of https://github.com/yunghsianglu/ECE264Assignments
    
    merge

commit 7a2c262cc8d451a80bc56d1303d134ec6acd8b71
Author: amichaux <aaron@pageofswords.net>
Date:   Tue Apr 8 21:07:04 2014 -0400

    fixed weird bug that was introduced somehow with awk

commit 22280ac103f05e463e707eb7a9dfa895ffdd0c32
Author: pranavmarla <pa.pranav@gmail.com>
Date:   Mon Apr 7 19:23:06 2014 -0400

    Clarified that tree.c should not be submitted

commit 6f9439d6c2fadc81c31fdc2847bf3f64c0f682d1
Author: pranavmarla <pa.pranav@gmail.com>
Date:   Mon Apr 7 19:21:08 2014 -0400

    Fixed minor typo

commit 57fd64df2f771e5c8060911bffa52d939669504e
Author: pranavmarla <pa.pranav@gmail.com>
Date:   Mon Apr 7 19:20:03 2014 -0400

    Fixed minor typos

commit 076cbc9bedabb9dd2f5d00f0a91d862381871d27
Author: amichaux <aaron@pageofswords.net>
Date:   Thu Apr 3 17:46:45 2014 -0400

    fixed tester

commit 571e280050ca09c3291f9e942645ece5d64d3732
Merge: fc6b82b f5b5e84
Author: Aaron Michaux <aaron@pageofswords.net>
Date:   Thu Mar 13 17:47:26 2014 -0400

    Merge branch 'master' of https://github.com/yunghsianglu/ECE264Assignments
    
    merge

commit fc6b82b1598085d66593c293870c3fce16a939e8
Author: Aaron Michaux <aaron@pageofswords.net>
Date:   Thu Mar 13 17:47:19 2014 -0400

    PA08 should not check for NULL when getting max and min from tree

commit f5b5e847ac712e9c100462ded841156c65bb143b
Author: pranavmarla <pa.pranav@gmail.com>
Date:   Sat Mar 8 23:49:32 2014 -0500

    Fixed minor typo.

commit 9b2bae6309b2b21c3e7ca706d16ca1975fa70937
Author: Aaron Michaux <aaron@pageofswords.net>
Date:   Sat Mar 8 23:25:47 2014 -0500

    fixed minor typo

commit a8d738386c6ab9b7cc2c8eddb5113031467397b4
Author: Aaron Michaux <aaron@pageofswords.net>
Date:   Sat Mar 8 23:22:33 2014 -0500

    new tester

commit a44e33a3c0ec221aa1ce362b079703fa9fc5341d
Merge: de10ac7 8c18325
Author: Aaron Michaux <aaron@pageofswords.net>
Date:   Sat Mar 8 23:21:50 2014 -0500

    git pushMerge branch 'master' of https://github.com/yunghsianglu/ECE264Assignments
    
    merge

commit de10ac74399e22317df8d5cd18230c1fd4b63936
Author: Aaron Michaux <aaron@pageofswords.net>
Date:   Sat Mar 8 23:21:47 2014 -0500

    Correction to XX and also clarification of bit twiddling

commit 8c183255af27a2fe86d0998ec0a258b2c4757961
Author: pranavmarla <pa.pranav@gmail.com>
Date:   Sat Mar 8 22:37:13 2014 -0500

    Fixed minor typo.

commit b55e036d945dd87ff25d4fa11580f2d6f289b908
Author: pranavmarla <pa.pranav@gmail.com>
Date:   Sat Mar 8 22:09:16 2014 -0500

    Fixed minor, albeit hilarious, typo ;)

commit e20a22152c4d4d38382a62d86de838210436e25d
Author: pranavmarla <pa.pranav@gmail.com>
Date:   Sat Mar 8 22:00:07 2014 -0500

    Fixed minor typos.

commit d0b26a50c703fd358444173ba6937984b5732226
Author: Aaron Michaux <aaron@pageofswords.net>
Date:   Sat Mar 8 18:44:31 2014 -0500

    PA09 uploaded

commit c39c33db37aceef96f2a89b1fa6e67405ae34b5c
Author: Aaron Michaux <aaron@pageofswords.net>
Date:   Sat Mar 8 00:29:03 2014 -0500

    minor correction to PA08 readme

commit 067a2139825b16731444ac449989d9f180d368e9
Author: Aaron Michaux <aaron@pageofswords.net>
Date:   Sat Mar 8 00:00:20 2014 -0500

    Pushed minor changes to PA08

commit 5085a50bbafa1478a8ea78124ea9fe085dbfd22e
Author: pranavmarla <pa.pranav@gmail.com>
Date:   Fri Mar 7 23:19:49 2014 -0500

    Edited for clarity, major and minor typos fixed.

commit f010ff6450855b7e5db756292f98676949006d05
Author: pranavmarla <pa.pranav@gmail.com>
Date:   Fri Mar 7 23:06:48 2014 -0500

    Fixed minor typos, edited for clarity.

commit 2503c264edbfc423b01fdd3bc929aa0b1b1d04b0
Author: pranavmarla <pa.pranav@gmail.com>
Date:   Fri Mar 7 16:31:52 2014 -0500

    Fixed minor typos

commit d67499a14dd32e45cffbadb2ba88b7e1f0f7cd89
Author: pranavmarla <pa.pranav@gmail.com>
Date:   Fri Mar 7 16:11:45 2014 -0500

    Minor typo

commit 5880c3cf6f3ef2fb666794b276a9bbea9138e178
Author: Aaron Michaux <aaron@pageofswords.net>
Date:   Thu Mar 6 14:41:36 2014 -0500

    ANSWERXX fixed

commit e4c14ad9ccc1e961695dabe287dff036d2246e37
Author: Aaron Michaux <aaron@pageofswords.net>
Date:   Wed Mar 5 23:36:38 2014 -0500

    PA08 read

commit deb59dd0db88aafee651d66eec8eeb7311922ad2
Author: Aaron Michaux <aaron@pageofswords.net>
Date:   Mon Feb 24 16:39:22 2014 -0500

    fixed minor defect in tester

commit 73a69be385f396a05ad8bbe1a5b55be79b246f4a
Author: Aaron Michaux <aaron@pageofswords.net>
Date:   Mon Feb 24 12:23:01 2014 -0500

    Fixed list-length test case

commit c4da636d52e6db321a0a74573517b56698f00ce0
Author: Aaron Michaux <aaron@pageofswords.net>
Date:   Sat Feb 22 12:22:52 2014 -0500

    syncing latest tester

commit c05b3787380122deae3851954d21fb11d367cf26
Merge: 959c836 114fe5c
Author: Aaron Michaux <aaron@pageofswords.net>
Date:   Sat Feb 22 10:31:46 2014 -0500

    Merge branch 'master' of https://github.com/yunghsianglu/ECE264Assignments
    
    m

commit 114fe5cf71bc6f6c092a27d469022cfc6cdc63fc
Author: pranavmarla <pa.pranav@gmail.com>
Date:   Fri Feb 21 22:47:24 2014 -0500

    Fixed minor typo.

commit 2d0dfc5cfc5949b20f4cbceff9e6ca34a9b940a8
Author: pranavmarla <pa.pranav@gmail.com>
Date:   Fri Feb 21 22:45:26 2014 -0500

    Added a note at the end, clarifying expected output when no partition satisfies the restriction.

commit 959c836840421b7e2adde5ab25de941272d47005
Merge: a1adae4 a01557c
Author: Aaron Michaux <aaron@pageofswords.net>
Date:   Fri Feb 21 22:15:22 2014 -0500

    Merge branch 'master' of https://github.com/yunghsianglu/ECE264Assignments
    
    merge

commit a01557c0277ae2627e689848f9239906e9012d73
Author: pranavmarla <pa.pranav@gmail.com>
Date:   Fri Feb 21 22:03:57 2014 -0500

    Fixed minor typos.

commit e4758bda93fc53e9ee4944308554904cfe924f58
Author: pranavmarla <pa.pranav@gmail.com>
Date:   Fri Feb 21 22:03:29 2014 -0500

    Clarified description of partitionOddAndEven

commit 30e7e332f19a0aad183dd3436da758e0eab17b84
Author: pranavmarla <pa.pranav@gmail.com>
Date:   Fri Feb 21 22:02:04 2014 -0500

    Fixed mistake in partitionDecreasing example.

commit a1adae48f9f8b7716b03c03b4abd373662ce7e1b
Merge: d78a37c 4644eb2
Author: Aaron Michaux <aaron@pageofswords.net>
Date:   Fri Feb 21 21:54:59 2014 -0500

    git pushMerge branch 'master' of https://github.com/yunghsianglu/ECE264Assignments
    
    merge

commit d78a37c1725abf0ac1746342be8ef7a3555b11c9
Author: Aaron Michaux <aaron@pageofswords.net>
Date:   Fri Feb 21 21:54:56 2014 -0500

    fixed stdout rediction in C

commit 4644eb21bab500884b353b5628d0509a703f67bb
Author: pranavmarla <pa.pranav@gmail.com>
Date:   Fri Feb 21 21:14:39 2014 -0500

    Fixed minor typos.

commit 197dc6d18e92017911696c0e10fb1265c0e49dd5
Author: Aaron Michaux <aaron@pageofswords.net>
Date:   Fri Feb 21 20:11:22 2014 -0500

    updated output

commit 3a1aacb497eb01d7881aa84d922bc955147ce124
Author: Aaron Michaux <aaron@pageofswords.net>
Date:   Fri Feb 21 20:09:10 2014 -0500

    fixed isprime in tester

commit 16c88232ddb2197ca18fdbc7908d6c8df8218652
Author: Aaron Michaux <aaron@pageofswords.net>
Date:   Fri Feb 21 13:04:00 2014 -0500

    Testers reduced from 2megs to ~ 80k. Also testers will not change unless a dependent source file changes

commit 382635d5d136be094c24a1fc19cdc927732d34c6
Author: Aaron Michaux <aaron@pageofswords.net>
Date:   Tue Feb 18 10:20:49 2014 -0500

    Added more tester into to PA05

commit 973d6f0bd46c8a4136182930fdc525e216195668
Author: Aaron Michaux <aaron@pageofswords.net>
Date:   Tue Feb 18 00:07:02 2014 -0500

    faster testers

commit b3206a2dfbf75b09058d0edb5bdb46fc7d8fcad5
Author: Aaron Michaux <aaron@pageofswords.net>
Date:   Mon Feb 17 23:48:31 2014 -0500

    PA07 uploaded

commit a84d468b756fb033aed095de7c5f0667e98f4d0f
Author: Aaron Michaux <aaron@pageofswords.net>
Date:   Sun Feb 16 14:55:00 2014 -0500

    minor typo

commit 4104894d38c2396dbc8a2c3d712833e8b6553b12
Merge: 4a6ba4e 6219fb4
Author: Aaron Michaux <aaron@pageofswords.net>
Date:   Sun Feb 16 14:40:09 2014 -0500

    git pushMerge branch 'master' of https://github.com/yunghsianglu/ECE264Assignments
    
    merge

commit 4a6ba4e886d25459dafa03bf7efc421043c7fd78
Author: Aaron Michaux <aaron@pageofswords.net>
Date:   Sun Feb 16 14:40:06 2014 -0500

    removed --help testcase from grep-lite

commit 6219fb40bc1a99cfb94451db7e97fda75fb04f86
Author: pranavmarla <pa.pranav@gmail.com>
Date:   Sat Feb 15 16:48:09 2014 -0500

    Fixed minor typo.

commit b5c572941995ec9d179fa3c9b8c72d124f5d567b
Author: Aaron Michaux <aaron@pageofswords.net>
Date:   Sat Feb 15 16:04:44 2014 -0500

    Re-added Pranavs changes

commit 45027383f9fd0d93d57e780b8ae6de35e7bab91b
Merge: 1081f98 30f545d
Author: Aaron Michaux <aaron@pageofswords.net>
Date:   Sat Feb 15 15:57:37 2014 -0500

    Merge branch 'master' of https://github.com/yunghsianglu/ECE264Assignments
    
    Bluasdf

commit 1081f98b296b6b56462a21f6e3f16fd00d96c5f1
Author: Aaron Michaux <aaron@pageofswords.net>
Date:   Sat Feb 15 15:57:33 2014 -0500

    PA10 added

commit 30f545d409744f187996e01afcd12bac6293de73
Author: pranavmarla <pa.pranav@gmail.com>
Date:   Sat Feb 15 14:48:39 2014 -0500

    Fixed typo.

commit 2445f9bae351df73128a32e6e98978c04d15890b
Author: pranavmarla <pa.pranav@gmail.com>
Date:   Sat Feb 15 14:42:04 2014 -0500

    Fixed minor typo.

commit 5a1853add6145ae9c3e0d23ab2427b86ab178089
Author: Aaron Michaux <aaron@pageofswords.net>
Date:   Sat Feb 15 14:41:05 2014 -0500

    Fixes to PA11 tester

commit 77fb15efd4d639a0345158f8a8cf6d2309d4ab75
Author: Aaron Michaux <aaron@pageofswords.net>
Date:   Sat Feb 15 14:10:30 2014 -0500

    Fix PA12, added PA11, fixed deploy of PA06, minor fixes to testers

commit 7f628651b4334889e26b844b806abef6b074b450
Author: Aaron Michaux <aaron@pageofswords.net>
Date:   Sat Feb 15 11:38:44 2014 -0500

    Minor typos fixed

commit dfda26ddc35ba5b939191a4c2ce137a327ed5500
Merge: d36f378 16183fc
Author: Aaron Michaux <aaron@pageofswords.net>
Date:   Fri Feb 14 11:16:32 2014 -0500

    Merge branch 'master' of https://github.com/yunghsianglu/ECE264Assignments
    
    Merge

commit d36f378cf2efd6bcd17fef25465e212f6789b551
Author: Aaron Michaux <aaron@pageofswords.net>
Date:   Fri Feb 14 11:16:26 2014 -0500

    Initial PA05 ready

commit 16183fc4ca97cb430970e48878e0c110c6a7aed9
Author: Aaron Michaux <aaron@pageofswords.net>
Date:   Thu Feb 13 18:08:56 2014 -0500

    fixed types

commit 1b8018e53a25fd3c2ff7853b307754cadadc6e15
Author: Aaron Michaux <aaron@pageofswords.net>
Date:   Thu Feb 13 18:02:10 2014 -0500

    tester ignore all whitespace

commit 3ed1c8436a0f0b67bac0ca4310fa4d1082e005ea
Author: Aaron Michaux <aaron@pageofswords.net>
Date:   Thu Feb 13 01:52:35 2014 -0500

    better tester

commit f907a8db514fab5a910f4c4fcd77432ed43f6144
Author: Aaron Michaux <aaron@pageofswords.net>
Date:   Tue Feb 11 14:16:42 2014 -0500

    fixed typo

commit 7423e098a256020024e792f255eea588ce913fef
Author: Aaron Michaux <aaron@pageofswords.net>
Date:   Mon Feb 10 22:58:27 2014 -0500

    another typo

commit 3f64ba0a9a12e06ce9d8c17b1c27a37120aa7208
Author: Aaron Michaux <aaron@pageofswords.net>
Date:   Mon Feb 10 22:42:35 2014 -0500

    fixed typo

commit 73ec25d214e9176d2a2c6241505e5afe54a4fe98
Author: Aaron Michaux <aaron@pageofswords.net>
Date:   Mon Feb 10 08:35:12 2014 -0500

    spelling mistake in tester

commit 9b77db27342d7b6fff6587c151aedb8cb7011bb4
Author: Aaron Michaux <aaron@pageofswords.net>
Date:   Sat Feb 8 00:48:29 2014 -0500

    make sure students doent bork an array

commit 3fbe48375b7fc125e6d2ac690f86299308612517
Author: Aaron Michaux <aaron@pageofswords.net>
Date:   Sat Feb 8 00:38:46 2014 -0500

    tester reliable when student corrupts data structures

commit 7bc7698394417afc4bc0181caf93cd434efb0a85
Merge: 3bd5d14 d38cd07
Author: Aaron Michaux <aaron@pageofswords.net>
Date:   Thu Feb 6 09:31:21 2014 -0500

    Merge branch 'master' of https://github.com/yunghsianglu/ECE264Assignments
    
    merge

commit 3bd5d1469a54e46219c9ebb76111733f912a3b23
Author: Aaron Michaux <aaron@pageofswords.net>
Date:   Thu Feb 6 09:31:19 2014 -0500

    merge

commit 4d68f0d308acf92706a2945972091ec76f3f417f
Author: Aaron Michaux <aaron@pageofswords.net>
Date:   Thu Feb 6 09:30:56 2014 -0500

    tweaked len documentation

commit d38cd07d489fb9f3e6cd7f7be4f8be44a4565bee
Author: pranavmarla <pa.pranav@gmail.com>
Date:   Thu Feb 6 01:29:08 2014 -0500

    Fixed minor typo

commit 1e7ca492029d8fe16144d16f7bed09cf43f83076
Author: Aaron Michaux <aaron@pageofswords.net>
Date:   Mon Feb 3 10:24:47 2014 -0500

    README has git log instructions, and tester sort fix

commit 66c43b81fd9ea722a628d4f731b5d881b3548663
Author: Aaron Michaux <aaron@pageofswords.net>
Date:   Sun Feb 2 22:59:52 2014 -0500

    minor hint added to main.c in PA03

commit f6d73c1013a4ce902927fd677b6ac12bf669eaee
Author: Aaron Michaux <aaron@pageofswords.net>
Date:   Sun Feb 2 19:04:21 2014 -0500

    Numerous clarifications in PA03

commit c224dd6949abd67e86098b02a0cac1a5c71603d6
Author: Aaron Michaux <aaron@pageofswords.net>
Date:   Sun Feb 2 00:26:53 2014 -0500

    Tweaks to instructions to make them clearer

commit c16511f16beb02a100001ab46c9de72243124834
Author: Aaron Michaux <aaron@pageofswords.net>
Date:   Sun Feb 2 00:14:55 2014 -0500

    Fixed README for main.c task

commit 90b8a093f2a055195b48e70db9c180c93858361c
Author: Aaron Michaux <aaron@pageofswords.net>
Date:   Sun Feb 2 00:03:35 2014 -0500

    Uploading new PA03, and PA04 and PA05

commit 9058b4d2d079f542d92d7b28ab550d1823138d33
Author: Aaron Michaux <aaron@pageofswords.net>
Date:   Sat Feb 1 12:40:33 2014 -0500

    faster switch added back in

commit 6368e193121b9a9771fc1e4f49fde5411bb1ba9a
Author: Aaron Michaux <aaron@pageofswords.net>
Date:   Sat Feb 1 12:40:07 2014 -0500

    faster switch added back in

commit b27f5332f3ebabed12051f03a5072efe105f8cee
Author: Aaron Michaux <aaron@pageofswords.net>
Date:   Sat Feb 1 11:26:07 2014 -0500

    tester made slower

commit 5bd489266d7f2f74b2a4cba500a619a26a230ce6
Author: Aaron Michaux <aaron@pageofswords.net>
Date:   Sat Feb 1 11:16:22 2014 -0500

    Updates to PA03

commit e394d83c0c187ef0dc5414d413a034d3bda8ef2d
Author: Aaron Michaux <aaron@pageofswords.net>
Date:   Fri Jan 31 23:49:51 2014 -0500

    tweak to answer02.c

commit e65c9360b777de43463af61169296e96333e779f
Author: Aaron Michaux <aaron@pageofswords.net>
Date:   Fri Jan 31 12:28:20 2014 -0500

    tester can now optionally suppress the students crade

commit 204dde756d7be5ba844cda3e918debdbe2ac5e07
Author: Aaron Michaux <aaron@pageofswords.net>
Date:   Thu Jan 30 15:57:09 2014 -0500

    Included better instructions

commit db03f5b0ab61c49a6cab3ac18be449e0d6f306be
Author: Aaron Michaux <aaron@pageofswords.net>
Date:   Wed Jan 29 21:27:48 2014 -0500

    problem identified in the tester

commit 9463b43db6d65f03a9e0cf8e00c2cf6b8d7fd3b8
Author: Aaron Michaux <aaron@pageofswords.net>
Date:   Mon Jan 27 16:27:44 2014 -0500

    Added pa02.c to PA02

commit ef49c931c7f51e28c4f2366a58da3c3b5a36772e
Author: Aaron Michaux <aaron@pageofswords.net>
Date:   Sun Jan 26 13:01:43 2014 -0500

    minor tweaks to PA02 README

commit 4d70756bb956fb9738c1edebeb3482d441603ec5
Author: Aaron Michaux <aaron@pageofswords.net>
Date:   Thu Jan 23 14:23:05 2014 -0500

    gdb.text => gdb.txt

commit 4059564a5290f86677503e93f5081b8324776c32
Author: Aaron Michaux <aaron@pageofswords.net>
Date:   Thu Jan 16 16:32:23 2014 -0500

    Synced README with solutions -- getting started guide

commit 7b04d7cace11a34ace300032a93a8355a65d432f
Merge: c7f1317 afab3d0
Author: Aaron Michaux <aaron@pageofswords.net>
Date:   Thu Jan 16 15:39:51 2014 -0500

    Merge branch 'master' of https://github.com/yunghsianglu/ECE264Assignments

commit c7f1317ba3fde7aca85393e2cf4cc3e8b5c639d1
Author: Aaron Michaux <aaron@pageofswords.net>
Date:   Thu Jan 16 15:39:48 2014 -0500

    synchronized withs solutions repository

commit afab3d02c70907cdf4b131e4dbedfa1e21b8cd44
Author: Aaron Michaux <aaron@pageofswords.net>
Date:   Wed Jan 15 20:14:19 2014 -0500

    minor fixes

commit 327c4e7c09c716a624261a32a5ad7a3180bcd089
Author: Aaron Michaux <aaron@pageofswords.net>
Date:   Wed Jan 15 17:05:28 2014 -0500

    fixed tester arrayIsIncreasing

commit d1b60c0417cf55479ce0735c0581e1d9ff985c4d
Author: Aaron Michaux <aaron@pageofswords.net>
Date:   Wed Jan 15 16:50:47 2014 -0500

    added in testcases directory for student use only

commit 8849e7c5521480f32e7b8002b3bcefc52b2f669c
Author: Aaron Michaux <aaron@pageofswords.net>
Date:   Wed Jan 15 16:45:26 2014 -0500

    uploading PA03, fixed typo in tester

commit f56c4f88f913ce12602ef18000be885029660b4e
Author: jonathanjtoo <jonathanjtoo@gmail.com>
Date:   Wed Jan 15 15:36:48 2014 -0500

    update README

commit 32309751079479a8b2a1d500579386b8afe2ad85
Author: jonathanjtoo <jonathanjtoo@gmail.com>
Date:   Wed Jan 15 13:55:32 2014 -0500

    minor changes

commit 7f666b6c20356f21357314e10dcb4be28d2489a8
Merge: eb4b36f 5ab9218
Author: jonathanjtoo <jonathanjtoo@gmail.com>
Date:   Mon Jan 13 12:06:12 2014 -0500

    Merge branch 'master' of https://github.com/yunghsianglu/ECE264Assignments

commit eb4b36ff9ef95d72fa9e8ca30b4a2e167f6ed753
Author: jonathanjtoo <jonathanjtoo@gmail.com>
Date:   Mon Jan 13 12:05:15 2014 -0500

    test commit

commit 5ab9218e40d5c4db816dbbc8e66880c389371fb7
Author: Aaron Michaux <aaron@pageofswords.net>
Date:   Mon Jan 13 10:40:57 2014 -0500

    removed git from PA01

commit 596bf252835a0ee55ee7ace0fd427002814dc5d9
Author: Aaron Michaux <aaron@pageofswords.net>
Date:   Wed Jan 8 20:40:10 2014 -0500

    PA12 uploaded

commit 18ecc3b903f78d0d515d944846d7866d992872d7
Author: Aaron Michaux <aaron@pageofswords.net>
Date:   Wed Jan 8 14:02:08 2014 -0500

    fixed minor typos

commit b0c9ddbb15131c1ad43fd860e14daf9fcabeb50f
Author: Aaron Michaux <aaron@pageofswords.net>
Date:   Tue Jan 7 17:42:12 2014 -0500

    PA02 uploaded

commit c5e4d0054901649b320c29b8a66bbca7f982cbfc
Merge: ee0e5bd 2461db9
Author: Aaron Michaux <aaron@pageofswords.net>
Date:   Sat Jan 4 19:17:05 2014 -0500

    Merge branch 'master' of https://github.com/yunghsianglu/ECE264Assignments
    
    Merging

commit ee0e5bd1ed14fa380c5931e2255da22804454be8
Author: Aaron Michaux <aaron@pageofswords.net>
Date:   Sat Jan 4 19:15:39 2014 -0500

    Createing spring-2014, pa01

commit 2461db96048c04050593fe4644b4d31e31988554
Author: Zisheng Liao <liao29@ecelinux45.ecn.purdue.edu>
Date:   Wed Dec 4 13:35:38 2013 -0500

    Fixed the issue with Makefile

commit 653b81fb97f413df75c713c2d961db0e6ff124c7
Merge: 064e76f d904b4e
Author: Aaron Michaux <aaron@pageofswords.net>
Date:   Tue Dec 3 12:13:15 2013 -0500

    Merge branch 'master' of https://github.com/yunghsianglu/ECE264Assignments
    
    New version of tester

commit 064e76fe64e36fc1bd42d644cbf9c720e91547a2
Author: Aaron Michaux <aaron@pageofswords.net>
Date:   Tue Dec 3 12:13:12 2013 -0500

    new version of tester

commit d904b4e02262afde08d4d839399e366009703eb4
Author: Zisheng Liao <liao29@ecelinux37.ecn.purdue.edu>
Date:   Sat Nov 30 14:16:25 2013 -0500

    initial push

commit 703f8efd8101011fae98ac13d1ae714a5d834d05
Author: Aaron Michaux <aaron@pageofswords.net>
Date:   Tue Nov 26 16:11:25 2013 -0500

    fixed insturctions stage 2

commit 3938b4ae3439f3c649d342792e5a52be1cb42893
Author: Aaron Michaux <aaron@pageofswords.net>
Date:   Sat Nov 23 13:34:58 2013 -0500

    typos

commit c444a69618281fef7696d2d2c6e760e4f6321ece
Author: Aaron Michaux <aaron@pageofswords.net>
Date:   Sat Nov 23 13:16:20 2013 -0500

    added note about solvability

commit 987dc80216b3bb74dd5832ee20d54ed0612285cc
Merge: 8396e22 d5aae25
Author: Aaron Michaux <aaron@pageofswords.net>
Date:   Fri Nov 22 16:50:44 2013 -0500

    Merge branch 'master' of https://github.com/yunghsianglu/ECE264Assignments

commit 8396e221f2adac287bd151ab295df1cd22d1d303
Author: Aaron Michaux <aaron@pageofswords.net>
Date:   Fri Nov 22 16:46:49 2013 -0500

    fixed mistake

commit d5aae2555007a05274478b5557c5f394980075a1
Author: Aaron Michaux <aaron@pageofswords.net>
Date:   Fri Nov 22 16:46:49 2013 -0500

    fixed mistake

commit 74aed75424cbaee32ad7a54e30736bcb7ff86541
Author: Aaron Michaux <aaron@pageofswords.net>
Date:   Thu Nov 21 11:50:28 2013 -0500

    typo in pa11 README

commit 331b3c77e71a9e50dc99f28636200dbf7cc49807
Author: Aaron Michaux <aaron@pageofswords.net>
Date:   Thu Nov 21 11:50:28 2013 -0500

    typo in pa11 README

commit 1b5669797adf85044bc8fa984184cbe26833cf31
Merge: e271929 ffd354f
Author: Aaron Michaux <aaron@pageofswords.net>
Date:   Mon Nov 18 16:00:09 2013 -0500

    Merge branch 'master' of https://github.com/yunghsianglu/ECE264Assignments

commit d3220fb0cd82bcd0f5f7c106ecf992d2548e59bf
Merge: dbe9963 5de6baa
Author: Aaron Michaux <aaron@pageofswords.net>
Date:   Mon Nov 18 16:00:09 2013 -0500

    Merge branch 'master' of https://github.com/yunghsianglu/ECE264Assignments

commit e2719296320e3144a566791b4f705e21f010780d
Author: Aaron Michaux <aaron@pageofswords.net>
Date:   Mon Nov 18 16:00:02 2013 -0500

    PA11 ready

commit dbe9963ce2be30eb8d37f5688cbfd13974d5008b
Author: Aaron Michaux <aaron@pageofswords.net>
Date:   Mon Nov 18 16:00:02 2013 -0500

    PA11 ready

commit ffd354f327285e0a00bf8e4cb06d19f5d9026c5a
Author: Aaron Michaux <aaron@pageofswords.net>
Date:   Sun Nov 17 14:25:07 2013 -0500

    Fixed names in pa10.h

commit 5de6baa05ec02572997fa5ce785f81958d1fe890
Author: Aaron Michaux <aaron@pageofswords.net>
Date:   Sun Nov 17 14:25:07 2013 -0500

    Fixed names in pa10.h

commit 0a0ceb9fed7c6b9a2bdb6f6954a08d5a65bc7744
Merge: 67e9cf7 ce340b3
Author: Aaron Michaux <aaron@pageofswords.net>
Date:   Sat Nov 16 10:52:04 2013 -0500

    git pushMerge branch 'master' of https://github.com/yunghsianglu/ECE264Assignments
    
    fixed documentation

commit 676ad91db8a0ef9e374b508c829aebb6b09481a5
Merge: 3857daa 2933891
Author: Aaron Michaux <aaron@pageofswords.net>
Date:   Sat Nov 16 10:52:04 2013 -0500

    git pushMerge branch 'master' of https://github.com/yunghsianglu/ECE264Assignments
    
    fixed documentation

commit 67e9cf7f25d126c94776036a99f5144cdf282eb0
Author: Aaron Michaux <aaron@pageofswords.net>
Date:   Sat Nov 16 10:51:57 2013 -0500

    fixed documentation

commit 3857daa4e8fef34177818eff4dc933b2b182d4cd
Author: Aaron Michaux <aaron@pageofswords.net>
Date:   Sat Nov 16 10:51:57 2013 -0500

    fixed documentation

commit ce340b3b84b996e656d80882e3f375f4426ca9fe
Author: Abraham Budiman <abudiman@ecelinux12.ecn.purdue.edu>
Date:   Fri Nov 8 13:32:11 2013 -0500

    added script

commit 2933891888f1d21fe748904117d8bf5c08387ed3
Author: Abraham Budiman <abudiman@ecelinux12.ecn.purdue.edu>
Date:   Fri Nov 8 13:32:11 2013 -0500

    added script

commit 2a5c13e13d9956a3171c9d4b21b5b209a455039a
Author: Abraham Budiman <abudiman@ecelinux12.ecn.purdue.edu>
Date:   Fri Nov 8 13:27:00 2013 -0500

    modified the inputs for ch

commit d57ab848a428e6b66be11a7bc9cd8f85e3ab815e
Author: Abraham Budiman <abudiman@ecelinux12.ecn.purdue.edu>
Date:   Fri Nov 8 13:27:00 2013 -0500

    modified the inputs for ch

commit 6cbe94f7091a341a3abfb19712a147461361077f
Author: Abraham Budiman <abudiman@ecelinux02.ecn.purdue.edu>
Date:   Fri Nov 8 12:38:31 2013 -0500

    added a Makefile

commit c97c38596581ab882667b7d80ed47baccaf55673
Author: Abraham Budiman <abudiman@ecelinux02.ecn.purdue.edu>
Date:   Fri Nov 8 12:38:31 2013 -0500

    added a Makefile

commit fea39a86b18ffa8f1a9e59a7b63c506381c94460
Author: Abraham Budiman <abudiman@ecelinux02.ecn.purdue.edu>
Date:   Wed Nov 6 11:22:31 2013 -0500

    add the structure for the stack

commit eb80cbe6468c6e2991a6e18ec70ac82ff1d8115b
Author: Abraham Budiman <abudiman@ecelinux02.ecn.purdue.edu>
Date:   Wed Nov 6 11:22:31 2013 -0500

    add the structure for the stack

commit 2ef684abf7409b0551d382372471c54caf588466
Author: Abraham Budiman <abudiman@ecelinux02.ecn.purdue.edu>
Date:   Wed Nov 6 11:17:21 2013 -0500

    minor adjustment

commit a3905bef13b4d96853db2c27452d0d4ca230920a
Author: Abraham Budiman <abudiman@ecelinux02.ecn.purdue.edu>
Date:   Wed Nov 6 11:17:21 2013 -0500

    minor adjustment

commit 43cf366cb9fe7c9911173b8182da2223ea6d2305
Author: Aaron Michaux <aaron@pageofswords.net>
Date:   Mon Nov 4 01:58:53 2013 -0500

    PA10 a go

commit 8dabf73f92d1a321da04e0cb9bf086e81584215b
Author: Aaron Michaux <aaron@pageofswords.net>
Date:   Mon Nov 4 01:58:53 2013 -0500

    PA10 a go

commit d5e864b74895d0d363ce656bff0cf26a37e759fe
Author: Abraham Budiman <abudiman@ecelinux05.ecn.purdue.edu>
Date:   Mon Oct 28 13:37:51 2013 -0400

    minor adjustment

commit 8bc3fd00f9e36a3a2ce2bdc858f8844ee6fad607
Author: Abraham Budiman <abudiman@ecelinux05.ecn.purdue.edu>
Date:   Mon Oct 28 13:37:51 2013 -0400

    minor adjustment

commit 9573e3930fdf35397aab5f4ae9c78ffb1fe4a5dd
Author: Abraham Budiman <abudiman@ecelinux05.ecn.purdue.edu>
Date:   Mon Oct 28 13:36:27 2013 -0400

    minor adjustment

commit 5264a7fcdb8318e07a7da0cb562f0c4704911739
Author: Abraham Budiman <abudiman@ecelinux05.ecn.purdue.edu>
Date:   Mon Oct 28 13:36:27 2013 -0400

    minor adjustment

commit d7ff16bf356272421ba4b5f607c8317f53631d49
Author: Abraham Budiman <abudiman@ecelinux05.ecn.purdue.edu>
Date:   Mon Oct 28 13:34:07 2013 -0400

    made some minor adjustment ( XX05 to XX09)

commit 3eb844abd71f39f1307a7b2b54f5cc0c14bc3d2d
Author: Abraham Budiman <abudiman@ecelinux05.ecn.purdue.edu>
Date:   Mon Oct 28 13:34:07 2013 -0400

    made some minor adjustment ( XX05 to XX09)

commit d20b17dd1cd92998236cc1e974f92a28c46089f5
Author: Abraham Budiman <abudiman@ecelinux05.ecn.purdue.edu>
Date:   Mon Oct 28 13:31:22 2013 -0400

    Assignment PA09

commit bd40543f3a8bae6015a18bf0fbc021b181aada5c
Author: Abraham Budiman <abudiman@ecelinux05.ecn.purdue.edu>
Date:   Mon Oct 28 13:31:22 2013 -0400

    Assignment PA09

commit b284ebd98d25e7ee040e0508a9d0f8d3d00308f6
Merge: e3e4b86 4aae29d
Author: yuhao <yuhao@yuhao-sony.(none)>
Date:   Fri Oct 25 13:32:50 2013 -0400

    Merge branch 'master' of https://github.com/yunghsianglu/ECE264Assignments

commit 38151be2862d4e356a78dd89235208c91611a7d2
Merge: edb6ceb dfba4f9
Author: yuhao <yuhao@yuhao-sony.(none)>
Date:   Fri Oct 25 13:32:50 2013 -0400

    Merge branch 'master' of https://github.com/yunghsianglu/ECE264Assignments

commit e3e4b86b023a4f54c4ff43e06a76c5ed9576288c
Author: yuhao <yuhao@yuhao-sony.(none)>
Date:   Fri Oct 25 13:31:31 2013 -0400

    updated to fix bug in test10

commit edb6cebf83be3fd724e482e92819ea9473d4823e
Author: yuhao <yuhao@yuhao-sony.(none)>
Date:   Fri Oct 25 13:31:31 2013 -0400

    updated to fix bug in test10

commit 4aae29d5ef32401c128fd20a26feb0865d1c80ab
Author: yunghsianglu <yunglu@purdue.edu>
Date:   Fri Oct 25 12:49:32 2013 -0400

    clarification

commit dfba4f99aaad97777cb7f6d425b65d4f0d1dd0bf
Author: yunghsianglu <yunglu@purdue.edu>
Date:   Fri Oct 25 12:49:32 2013 -0400

    clarification

commit 02c8c0d88a62fb372e221dd24f685a3caef817c7
Author: yuhao <yuhao@yuhao-sony.(none)>
Date:   Tue Oct 15 19:33:54 2013 -0400

    uploaded PA08

commit 6ad8d85eabddb7104af93621d6e51af1c0eaaa53
Author: yuhao <yuhao@yuhao-sony.(none)>
Date:   Tue Oct 15 19:33:54 2013 -0400

    uploaded PA08

commit 420d3569031d7151186839fedc61610cb8ff6181
Author: Abraham Budiman <abudiman@ecelinux13.ecn.purdue.edu>
Date:   Wed Oct 9 20:01:52 2013 -0400

    added the List_print

commit 5ab3c43016938026884371eb2f9677d4b81b1d27
Author: Abraham Budiman <abudiman@ecelinux13.ecn.purdue.edu>
Date:   Wed Oct 9 20:01:52 2013 -0400

    added the List_print

commit f5ce12e583fd3771b416a43b07cd558e7aaa9e97
Author: Abraham Budiman <abudiman@ecelinux13.ecn.purdue.edu>
Date:   Wed Oct 9 20:00:19 2013 -0400

    Assignment PA07

commit c195113e75da88775e297f16562633b43a49bfac
Author: Abraham Budiman <abudiman@ecelinux13.ecn.purdue.edu>
Date:   Wed Oct 9 20:00:19 2013 -0400

    Assignment PA07

commit 55264495743328ce7796b26632ff3a2d60da6222
Author: Aaron Michaux <aaron@pageofswords.net>
Date:   Mon Sep 30 14:05:31 2013 -0400

    finessed the readme

commit 52987d242200a7c3ebdd9a73ca1c4cd0161044bd
Author: Aaron Michaux <aaron@pageofswords.net>
Date:   Mon Sep 30 14:05:31 2013 -0400

    finessed the readme

commit 5a63d160e9eb2a70d1ab36d796caab05a6f9c567
Author: Aaron Michaux <aaron@pageofswords.net>
Date:   Sat Sep 28 19:19:48 2013 -0400

    fixed magic bits

commit 7f2f02a045ac48caaa9e76785e3d3f4735712cde
Author: Aaron Michaux <aaron@pageofswords.net>
Date:   Sat Sep 28 19:19:48 2013 -0400

    fixed magic bits

commit b25c0d0c29265d2774d9e0c18620a9f5fa085882
Author: Aaron Michaux <aaron@pageofswords.net>
Date:   Fri Sep 27 15:07:56 2013 -0400

    fixed issues with ignoring empty lines

commit 5f2d9133662d2e7e43690f7657c2cacbf07b31b1
Author: Aaron Michaux <aaron@pageofswords.net>
Date:   Fri Sep 27 15:07:56 2013 -0400

    fixed issues with ignoring empty lines

commit dcfb195618fbd13697064c1f20fb50cd93298a5c
Author: Aaron Michaux <aaron@pageofswords.net>
Date:   Fri Sep 27 14:14:45 2013 -0400

    cleaning up some files

commit d890cb7a438a8ac46eb3d8e0af95db0aae6e4f27
Author: Aaron Michaux <aaron@pageofswords.net>
Date:   Fri Sep 27 14:14:45 2013 -0400

    cleaning up some files

commit a7c1bae1ffb3bfddd5572ac20958295c61f44508
Merge: d168524 6688a0e
Author: Aaron Michaux <aaron@pageofswords.net>
Date:   Fri Sep 27 11:21:23 2013 -0400

    merge

commit 2c84f7e834dc1e503f911a01aa4500f00006ba98
Merge: 84563ec 4cc623d
Author: Aaron Michaux <aaron@pageofswords.net>
Date:   Fri Sep 27 11:21:23 2013 -0400

    merge

commit d168524e84336df57c1157d02ae94afdd89e6ed3
Author: Aaron Michaux <aaron@pageofswords.net>
Date:   Fri Sep 27 11:20:25 2013 -0400

    fixed for PA05

commit 84563eca2cd94f693fd1e2dd3fcbb60fd2f3759f
Author: Aaron Michaux <aaron@pageofswords.net>
Date:   Fri Sep 27 11:20:25 2013 -0400

    fixed for PA05

commit 6688a0e8aff8177ff8c143420a84c1b4df229f53
Author: Aaron Michaux <aaron@pageofswords.net>
Date:   Fri Sep 27 10:18:51 2013 -0400

    fixed usage message in pa05.c

commit 4cc623db933542b0cd50998621b2b575c19c7167
Author: Aaron Michaux <aaron@pageofswords.net>
Date:   Fri Sep 27 10:18:51 2013 -0400

    fixed usage message in pa05.c

commit 9bf6f3af64b4d46390e60e986c7ef3e99bb96e39
Author: Aaron Michaux <aaron@pageofswords.net>
Date:   Wed Sep 25 14:55:36 2013 -0400

    PA06 is ready

commit b3670f5c58aa8f3a357828df207650af81e19954
Author: Aaron Michaux <aaron@pageofswords.net>
Date:   Wed Sep 25 14:55:36 2013 -0400

    PA06 is ready

commit 61a34bdc63526d792ea00b81a78fedc400dcda5c
Author: Aaron Michaux <aaron@pageofswords.net>
Date:   Mon Sep 23 21:41:18 2013 -0400

    Added environment rule to Makefile

commit b00011fc67f6e88df5639652c84e0801ad074ca6
Author: Aaron Michaux <aaron@pageofswords.net>
Date:   Mon Sep 23 21:41:18 2013 -0400

    Added environment rule to Makefile

commit a778cff11e8b684a73872ac77cdf63a4dd711a20
Author: zshliao <zishengliao@Zishengs-MacBook-Pro.local>
Date:   Sun Sep 22 12:07:30 2013 -0400

    Ready

commit 3b0394137f47010c7ce91a586df3f888f8ec3db4
Author: zshliao <zishengliao@Zishengs-MacBook-Pro.local>
Date:   Sun Sep 22 12:07:30 2013 -0400

    Ready

commit f7c62f94dc5fd0e65cdfb765db05a9d10b031dc1
Author: chenyuhao <chen902@purdue.edu>
Date:   Fri Sep 20 12:09:51 2013 -0400

    new makefile for expected/output-sorted problem

commit 55613f201a1fd42528936630e34fd63af75e9e88
Author: chenyuhao <chen902@purdue.edu>
Date:   Fri Sep 20 12:09:51 2013 -0400

    new makefile for expected/output-sorted problem

commit 8a3de098d93e481e55ccc5152e17cb847bdccf54
Author: yunghsianglu <yunglu@purdue.edu>
Date:   Wed Sep 18 10:35:31 2013 -0400

    delete unused files

commit aac88a61eb137295dee01be3f1d35bfc82cf0e9e
Author: yunghsianglu <yunglu@purdue.edu>
Date:   Wed Sep 18 10:35:31 2013 -0400

    delete unused files

commit 1add1823c4a793f55c985c465f0a8532aeb6b2a7
Author: yunghsianglu <yunglu@purdue.edu>
Date:   Wed Sep 18 10:35:21 2013 -0400

    delete unused files

commit c92e2cd74cc8c64c769fdaf63edd717cf31ba789
Author: yunghsianglu <yunglu@purdue.edu>
Date:   Wed Sep 18 10:35:21 2013 -0400

    delete unused files

commit aa3ac7615ef2104f7353845d55cc37b4dc029003
Author: yunghsianglu <yunglu@purdue.edu>
Date:   Wed Sep 18 10:35:01 2013 -0400

    delete unused files

commit 4aaa3836d822b9aece3b21790dcff07f8dd6b443
Author: yunghsianglu <yunglu@purdue.edu>
Date:   Wed Sep 18 10:35:01 2013 -0400

    delete unused files

commit fe6bdb2569355ea2261ecb5babeb714703007288
Author: yunghsianglu <yunglu@purdue.edu>
Date:   Wed Sep 18 10:33:27 2013 -0400

    initial commit

commit f999b7aae4f146e3702074b537410acd2cf0fd0d
Author: yunghsianglu <yunglu@purdue.edu>
Date:   Wed Sep 18 10:33:27 2013 -0400

    initial commit

commit 37a8282959151d346b0b25ff0eda22f44fb24cb7
Author: Aaron Michaux <aaron@pageofswords.net>
Date:   Wed Sep 18 07:50:53 2013 -0400

    Makefile now has -lm

commit 4b7a89746b6c45dab809b96909df9e1c35da2a11
Author: Aaron Michaux <aaron@pageofswords.net>
Date:   Wed Sep 18 07:50:53 2013 -0400

    Makefile now has -lm

commit 4c799246c910c0668d863a4e109cb6e844135471
Author: yuhao <yuhao@yuhao-sony.(none)>
Date:   Mon Sep 16 01:56:50 2013 -0400

    added sorted output

commit f141930e4e435bcb6050fd9d9e4bdd27d6388b02
Author: yuhao <yuhao@yuhao-sony.(none)>
Date:   Mon Sep 16 01:56:50 2013 -0400

    added sorted output

commit 5f7ba699f0b195040c99d56ed4649aa23f7b799a
Author: yuhao <yuhao@yuhao-sony.(none)>
Date:   Mon Sep 16 01:56:16 2013 -0400

    updated to have sort feature

commit 58c04c6e732cac6443e034123b14a46c35f296ac
Author: yuhao <yuhao@yuhao-sony.(none)>
Date:   Mon Sep 16 01:56:16 2013 -0400

    updated to have sort feature

commit 8d90100e09619d6489b068c84eb2e0c1736497a1
Author: yuhao <yuhao@yuhao-sony.(none)>
Date:   Thu Sep 12 09:45:48 2013 -0400

    added math lib

commit 3caf850251943ba6333c45bd456fbef01d482d7d
Author: yuhao <yuhao@yuhao-sony.(none)>
Date:   Thu Sep 12 09:45:48 2013 -0400

    added math lib

commit 0b31052002c0e4d41788c439b102853ce7bbcc3a
Author: chenyuhao <chen902@purdue.edu>
Date:   Thu Sep 12 09:32:10 2013 -0400

    added math library to make file

commit f462703868ec3299e850a01b4b2942cfd29c18a9
Author: chenyuhao <chen902@purdue.edu>
Date:   Thu Sep 12 09:32:10 2013 -0400

    added math library to make file

commit 3599eacbfa7c4ff8b0e82a859a521853a032138a
Merge: 1a640fc 8d144d0
Author: yuhao <yuhao@yuhao-sony.(none)>
Date:   Thu Sep 12 09:28:36 2013 -0400

    Merge branch 'master' of https://github.com/yunghsianglu/ECE264Assignments

commit 2e6d6c6605e3945ac8a81c8e93d266221524c88c
Merge: 09d9853 8446f2b
Author: yuhao <yuhao@yuhao-sony.(none)>
Date:   Thu Sep 12 09:28:36 2013 -0400

    Merge branch 'master' of https://github.com/yunghsianglu/ECE264Assignments

commit 1a640fc2ff69fc724bd1701ce215783e19787126
Author: yuhao <yuhao@yuhao-sony.(none)>
Date:   Thu Sep 12 09:28:04 2013 -0400

    changed wrong output

commit 09d98534fc518295670f860a7268e51bb5f85c15
Author: yuhao <yuhao@yuhao-sony.(none)>
Date:   Thu Sep 12 09:28:04 2013 -0400

    changed wrong output

commit 8d144d0da3e1537bfe21fda80518791379441eee
Author: chenyuhao <chen902@purdue.edu>
Date:   Tue Sep 10 10:07:19 2013 -0400

    They dont need malloc, its my mistake

commit 8446f2ba1f996658c8a9579497ea9c090ba15f06
Author: chenyuhao <chen902@purdue.edu>
Date:   Tue Sep 10 10:07:19 2013 -0400

    They dont need malloc, its my mistake

commit 6d3f6db987a4a5eab475c882828210ee0ed6c9d6
Author: chenyuhao <chen902@purdue.edu>
Date:   Tue Sep 10 10:03:11 2013 -0400

    student should use malloc for arrays

commit 38fb00cc83af0041178e86c22092a93526ec46ae
Author: chenyuhao <chen902@purdue.edu>
Date:   Tue Sep 10 10:03:11 2013 -0400

    student should use malloc for arrays

commit 73af985f1fb1daa4608407ce09cc023c41fc1a57
Author: yuhao <yuhao@yuhao-sony.(none)>
Date:   Mon Sep 9 23:22:00 2013 -0400

    cleared more instructions

commit f16a3d619c86d29a0e60e721ba1e81314d45eeb9
Author: yuhao <yuhao@yuhao-sony.(none)>
Date:   Mon Sep 9 23:22:00 2013 -0400

    cleared more instructions

commit 8d5aaca92c4b0bdbab462929cb0123c57ada54ba
Author: yuhao <yuhao@yuhao-sony.(none)>
Date:   Mon Sep 9 23:17:55 2013 -0400

    added about input arguments

commit cb170b436f76f8b0e7de2cfcc75b083a5d638002
Author: yuhao <yuhao@yuhao-sony.(none)>
Date:   Mon Sep 9 23:17:55 2013 -0400

    added about input arguments

commit 2a965ed02b2e28603667c5fa54e8a8089455e89f
Author: yuhao <yuhao@yuhao-sony.(none)>
Date:   Mon Sep 9 23:12:57 2013 -0400

    more instructions added

commit d8d588dfd79553594ebd2f8bcce0ae04f62acff2
Author: yuhao <yuhao@yuhao-sony.(none)>
Date:   Mon Sep 9 23:12:57 2013 -0400

    more instructions added

commit e42b51c2063b890a9084779149e9af936462e683
Author: yuhao <yuhao@yuhao-sony.(none)>
Date:   Mon Sep 9 23:09:11 2013 -0400

    changed pa01 to pa04

commit e075c0122bcd0290201164c885613d4375b50086
Author: yuhao <yuhao@yuhao-sony.(none)>
Date:   Mon Sep 9 23:09:11 2013 -0400

    changed pa01 to pa04

commit 2ef77c40127f2bae260a9ca9f4d5a8d556777673
Author: yuhao <yuhao@yuhao-sony.(none)>
Date:   Mon Sep 9 23:00:04 2013 -0400

    added PA04

commit 50730fc89539940c084a77de00e8f5ccaf34a409
Author: yuhao <yuhao@yuhao-sony.(none)>
Date:   Mon Sep 9 23:00:04 2013 -0400

    added PA04

commit 509462239a5e418696cc056b8118418a71ea0524
Author: amichaux <amichaux@blakes-7.(none)>
Date:   Sun Sep 8 17:09:17 2013 -0400

    Added warning suppression that makes gcc 4.5 consistent with gcc 4.6+

commit 1c00e8bd4cd569192b9ba1e93f2be1c4d950a769
Author: amichaux <amichaux@blakes-7.(none)>
Date:   Sun Sep 8 17:09:17 2013 -0400

    Added warning suppression that makes gcc 4.5 consistent with gcc 4.6+

commit 59c2c16c74e16199689d348cb5f43ca739b311dd
Author: yunghsianglu <yunglu@purdue.edu>
Date:   Fri Aug 30 15:20:54 2013 -0400

    change the assignment to PA11

commit 6fe9aaa5f9beee659b9d1e275a35e95a29206acf
Author: yunghsianglu <yunglu@purdue.edu>
Date:   Fri Aug 30 15:20:54 2013 -0400

    change the assignment to PA11

commit c970449c9454ea362aee250c9f269247c880487a
Author: Yung-Hsiang Lu <yunglu@purdue.edu>
Date:   Fri Aug 30 12:18:50 2013 -0400

    add another example

commit 161d8f6bed8acc790f966fa7b49b1bb38a191765
Author: Yung-Hsiang Lu <yunglu@purdue.edu>
Date:   Fri Aug 30 12:18:50 2013 -0400

    add another example

commit 5fbcfe61753573390bdb7b5d7792d79f67601704
Author: Yung-Hsiang Lu <yunglu@purdue.edu>
Date:   Fri Aug 30 12:17:41 2013 -0400

    Update answer02.c

commit 795c590119c7e6abcf3cc15a132ebc3524600830
Author: Yung-Hsiang Lu <yunglu@purdue.edu>
Date:   Fri Aug 30 12:17:41 2013 -0400

    Update answer02.c

commit c63a9b428b2f8c558c7d5574c20e3063ec62df50
Author: yunghsianglu <yunglu@purdue.edu>
Date:   Fri Aug 30 10:30:45 2013 -0400

    explain what should be in version control

commit 2ef1a70d28855466b8c1c41cb60da5131c9d7993
Author: yunghsianglu <yunglu@purdue.edu>
Date:   Fri Aug 30 10:30:45 2013 -0400

    explain what should be in version control

commit 3530cff467737bd7c7d4b377d47a1e8f627e7dc9
Author: yunglu <yunglu@hp2000.(none)>
Date:   Wed Aug 28 17:43:22 2013 -0400

    more explaiantion

commit eea31092a417520ab52e5cfd8a59b81d878860c8
Author: yunglu <yunglu@hp2000.(none)>
Date:   Wed Aug 28 17:43:22 2013 -0400

    more explaiantion

commit 0818980a248083d77ce1f80be30aef20a684787f
Author: amichaux <amichaux@blakes-7.(none)>
Date:   Mon Aug 26 11:00:55 2013 -0400

    Updated test.sh in PA02 and PA03

commit ac1c6ec078c5834837e85389e3b750e61e4590a8
Author: amichaux <amichaux@blakes-7.(none)>
Date:   Mon Aug 26 11:00:55 2013 -0400

    Updated test.sh in PA02 and PA03

commit a1df416c68ba421254e5bf284591a96963a0fb26
Author: amichaux <amichaux@blakes-7.(none)>
Date:   Mon Aug 26 10:58:56 2013 -0400

    Fixed issue where test.sh fails to report an error when there is a valgrind error but no memory lead

commit 892e868825dac1080c70831dbc1bb37cc983df2b
Author: amichaux <amichaux@blakes-7.(none)>
Date:   Mon Aug 26 10:58:56 2013 -0400

    Fixed issue where test.sh fails to report an error when there is a valgrind error but no memory lead

commit 6179bf8057abfbb58a636a094a0c55f6937a13ef
Author: amichaux <amichaux@blakes-7.(none)>
Date:   Sun Aug 25 13:17:21 2013 -0400

    Changed name of submitted file to my-log.text

commit c830270d8b864cd80401828f470da8f064ab84cb
Author: amichaux <amichaux@blakes-7.(none)>
Date:   Sun Aug 25 13:17:21 2013 -0400

    Changed name of submitted file to my-log.text

commit 674e36e13c6a21ea1b36ddb1753283c6559be4ee
Merge: 7018722 bfe64aa
Author: amichaux <amichaux@blakes-7.(none)>
Date:   Sun Aug 25 13:12:45 2013 -0400

    Fixed merge conflicts

commit b428cca61b4798fe1f6c39e767d2db71de3c9d7d
Merge: eb70583 54720e9
Author: amichaux <amichaux@blakes-7.(none)>
Date:   Sun Aug 25 13:12:45 2013 -0400

    Fixed merge conflicts

commit 7018722ff683cece319148568ba88da9f826f36a
Author: amichaux <amichaux@blakes-7.(none)>
Date:   Sun Aug 25 13:07:41 2013 -0400

    Syncing PA03 with solutions

commit eb70583943bc18eaeb39b370bd494f939fc0bac1
Author: amichaux <amichaux@blakes-7.(none)>
Date:   Sun Aug 25 13:07:41 2013 -0400

    Syncing PA03 with solutions

commit bfe64aa4137386417d7b82074466f11013465286
Author: yunglu <yunglu@hp2000.(none)>
Date:   Sun Aug 25 11:40:42 2013 -0400

    more explanation

commit 54720e904ce2d04921745f36e3c7dbbdbef7a48e
Author: yunglu <yunglu@hp2000.(none)>
Date:   Sun Aug 25 11:40:42 2013 -0400

    more explanation

commit 7ea971623031bdf50e6ce51e3e3818668e79990d
Author: yunglu <yunglu@hp2000.(none)>
Date:   Sun Aug 25 11:30:21 2013 -0400

    clarification, remove warning messages

commit d204ece1d92c356e075eb594539b1cbe3b7dffa6
Author: yunglu <yunglu@hp2000.(none)>
Date:   Sun Aug 25 11:30:21 2013 -0400

    clarification, remove warning messages

commit 0fdbf2b4ca88589054e2c99eb8ca70ef70ccd6df
Author: amichaux <amichaux@blakes-7.(none)>
Date:   Sat Aug 24 16:00:01 2013 -0400

    PA03 is ready to go

commit 5a80c29a3679fca017005c3ef0d1ea9e00f5423f
Author: amichaux <amichaux@blakes-7.(none)>
Date:   Sat Aug 24 16:00:01 2013 -0400

    PA03 is ready to go

commit 22671ca22d7cad103d75f388984363916c06e7cc
Merge: b10a2e1 94ac840
Author: amichaux <amichaux@blakes-7.(none)>
Date:   Sat Aug 24 12:15:34 2013 -0400

    Fixed the Makefile for PA02
    
    Merge branch 'master' of https://github.com/yunghsianglu/ECE264Assignments

commit d7ae597dcf8da12956fe9aab5c48252d214b3b5d
Merge: a8790ab fcd3811
Author: amichaux <amichaux@blakes-7.(none)>
Date:   Sat Aug 24 12:15:34 2013 -0400

    Fixed the Makefile for PA02
    
    Merge branch 'master' of https://github.com/yunghsianglu/ECE264Assignments

commit b10a2e140ca0644d2cb666c3564586fa50e68356
Author: amichaux <amichaux@blakes-7.(none)>
Date:   Sat Aug 24 12:15:31 2013 -0400

    Fixed the Makefile for PA02

commit a8790abba502ae254c8aefd9727c769f395e9d52
Author: amichaux <amichaux@blakes-7.(none)>
Date:   Sat Aug 24 12:15:31 2013 -0400

    Fixed the Makefile for PA02

commit 94ac840481960e464c58d5db2a03d10010e0cbfd
Author: Aaron Michaux <amichaux@ecelinux12.ecn.purdue.edu>
Date:   Fri Aug 23 15:36:39 2013 -0400

    Fixed dependency -- make will compile target before running tests

commit fcd381110dccb96da660d3d70fa6f47425bf50b5
Author: Aaron Michaux <amichaux@ecelinux12.ecn.purdue.edu>
Date:   Fri Aug 23 15:36:39 2013 -0400

    Fixed dependency -- make will compile target before running tests

commit 8b66b809cea43ae496903bdaa8a083e0f584e0bf
Author: yunghsianglu <yunglu@purdue.edu>
Date:   Fri Aug 23 10:04:30 2013 -0400

    explain the assignments are graded

commit f6765efe5359b31ba9a08662d1cade3f2ecfa780
Author: yunghsianglu <yunglu@purdue.edu>
Date:   Fri Aug 23 10:04:30 2013 -0400

    explain the assignments are graded

commit 8e1cd6a76fa8dd9a0ff8b6bf74470bf7c397ca21
Author: yunghsianglu <yunglu@purdue.edu>
Date:   Fri Aug 23 09:49:16 2013 -0400

    some hints for students

commit 823993f487bad3245bec8ef1948b1a42ab4c035d
Author: yunghsianglu <yunglu@purdue.edu>
Date:   Fri Aug 23 09:49:16 2013 -0400

    some hints for students

commit aa5d46eb93c3a0125a62170f93b7849e7d9ca15e
Merge: 55891e0 08087e0
Author: Aaron Michaux <amichaux@ecelinux12.ecn.purdue.edu>
Date:   Thu Aug 22 22:30:52 2013 -0400

    Merge branch 'master' of https://github.com/yunghsianglu/ECE264Assignments

commit edc7875818342cfb6fac8ddf8043e30ad8df4977
Merge: 65427a9 c4721e7
Author: Aaron Michaux <amichaux@ecelinux12.ecn.purdue.edu>
Date:   Thu Aug 22 22:30:52 2013 -0400

    Merge branch 'master' of https://github.com/yunghsianglu/ECE264Assignments

commit 55891e0efd271481307e418dcc91cd4c8bee6de3
Author: Aaron Michaux <amichaux@ecelinux12.ecn.purdue.edu>
Date:   Thu Aug 22 22:30:43 2013 -0400

    testing now depends on the target

commit 65427a9dd516eda01ce488987c1276b85cb9d47c
Author: Aaron Michaux <amichaux@ecelinux12.ecn.purdue.edu>
Date:   Thu Aug 22 22:30:43 2013 -0400

    testing now depends on the target

commit 08087e0def14cc6a8014ebb245bd69a37767ffa7
Author: yunghsianglu <yunglu@purdue.edu>
Date:   Thu Aug 22 18:34:58 2013 -0400

    build the program if necessary when testall

commit c4721e7497abcdfdb33a35e0fef99067e5585569
Author: yunghsianglu <yunglu@purdue.edu>
Date:   Thu Aug 22 18:34:58 2013 -0400

    build the program if necessary when testall

commit 7d9c743096cec2eb6326f406d3044aa163b4a5b1
Author: yunglu <yunglu@yunglu-Latitude-E6320.(none)>
Date:   Wed Aug 21 17:34:15 2013 -0400

    explain the states

commit edc3efb4c16da07d55fb4c92e5caf53977ca8f40
Author: yunglu <yunglu@yunglu-Latitude-E6320.(none)>
Date:   Wed Aug 21 17:34:15 2013 -0400

    explain the states

commit 47c4c219bf62298f936243e0cd8cef74467755ea
Author: yunghsianglu <yunglu@purdue.edu>
Date:   Sun Aug 18 15:13:59 2013 -0400

    clarification

commit ea01fe5c15a09c1b542bbea38fc18bc24ecb9b33
Author: yunghsianglu <yunglu@purdue.edu>
Date:   Sun Aug 18 15:13:59 2013 -0400

    clarification

commit 7eb8ac573fc9c3f97d98fb5dc14152665c50154c
Author: Aaron Michaux <aaron@pageofswords.net>
Date:   Sat Aug 17 18:16:48 2013 -0400

    PA02 ready to go

commit 8a0a633178a6ab24a5b89b5304da8d536b8e5118
Author: Aaron Michaux <aaron@pageofswords.net>
Date:   Sat Aug 17 18:16:48 2013 -0400

    PA02 ready to go

commit bc2a9eb72a921289d3b5d22476628941521a9011
Author: Aaron Michaux <aaron@pageofswords.net>
Date:   Sat Aug 17 16:11:23 2013 -0400

    PA01 ready to go

commit 15d532184a81b61383339777e969e53e560369cd
Author: Aaron Michaux <aaron@pageofswords.net>
Date:   Sat Aug 17 16:11:23 2013 -0400

    PA01 ready to go

commit 029ae1f1197576c6bdd62422d39f7e660a06c17a
Merge: cc3fe06 68f2c5d
Author: Aaron Michaux <aaron@pageofswords.net>
Date:   Sat Aug 17 13:13:15 2013 -0400

    asdf
    
    Merge branch 'master' of https://github.com/yunghsianglu/ECE264Assignments

commit 4c45ee4f154d371d3f1078b72e9ac812b7c62f6d
Merge: e9c9e40 a412afc
Author: Aaron Michaux <aaron@pageofswords.net>
Date:   Sat Aug 17 13:13:15 2013 -0400

    asdf
    
    Merge branch 'master' of https://github.com/yunghsianglu/ECE264Assignments

commit 68f2c5da65b95d991873cf967b75513ef2b7aa0e
Author: Aaron Michaux <amichaux@ecelinux20.ecn.purdue.edu>
Date:   Fri Jul 26 10:57:06 2013 -0400

    fixed up primes

commit a412afcb4c35e7e5e3fc1f982c8b9e38fe824e52
Author: Aaron Michaux <amichaux@ecelinux20.ecn.purdue.edu>
Date:   Fri Jul 26 10:57:06 2013 -0400

    fixed up primes

commit cc3fe06e0011c31a7b6b32d2c490ac594c2121ca
Merge: feca8c0 bd1b8fe
Author: amichaux <amichaux@blakes-7.(none)>
Date:   Thu Jul 25 14:21:57 2013 -0400

    Fixed the primes file
    
    Merge branch 'master' of https://github.com/yunghsianglu/ECE264Assignments

commit e9c9e4035231b568b27e3945d6f2e95ac65560ba
Merge: feca8c0 3320268
Author: amichaux <amichaux@blakes-7.(none)>
Date:   Thu Jul 25 14:21:57 2013 -0400

    Fixed the primes file
    
    Merge branch 'master' of https://github.com/yunghsianglu/ECE264Assignments

commit feca8c083bdb18d627fc2abc1847860c053d47fc
Author: amichaux <amichaux@blakes-7.(none)>
Date:   Thu Jul 25 14:21:48 2013 -0400

    fixed the primes files

commit bd1b8fe28a910c3eb5a50ed754858b4bee1e68de
Author: Aaron Michaux <amichaux@ecelinux20.ecn.purdue.edu>
Date:   Mon Jul 22 11:54:26 2013 -0400

    Updated README -- pointing out a problem with Carter Allens code

commit 3320268bdd26649636c1d3ab4ec4a39afb7ee2a5
Author: Aaron Michaux <amichaux@ecelinux20.ecn.purdue.edu>
Date:   Mon Jul 22 11:54:26 2013 -0400

    Updated README -- pointing out a problem with Carter Allens code

commit 003e604e0f00284741df4946b1b1b91fe1fd3914
Author: Aaron Michaux <amichaux@ecelinux20.ecn.purdue.edu>
Date:   Mon Jul 22 11:46:00 2013 -0400

    sorry, that was unsigned

commit cab892f1b0a12466e6488476567e5ce369791f0a
Author: Aaron Michaux <amichaux@ecelinux20.ecn.purdue.edu>
Date:   Mon Jul 22 11:46:00 2013 -0400

    sorry, that was unsigned

commit 2819b31785636aef388efc578a59ab14163c72fe
Author: Aaron Michaux <amichaux@ecelinux20.ecn.purdue.edu>
Date:   Mon Jul 22 11:12:38 2013 -0400

    Lab computers use old version of gcc

commit 3811cab9d67d5137521be5e8820d923b42c2d7f6
Author: Aaron Michaux <amichaux@ecelinux20.ecn.purdue.edu>
Date:   Mon Jul 22 11:12:38 2013 -0400

    Lab computers use old version of gcc

commit e473e30003f3588546bcd04ed97e8a78239e5247
Author: Aaron Michaux <amichaux@ecelinux10.ecn.purdue.edu>
Date:   Mon Jul 22 11:02:38 2013 -0400

    Added a banner message

commit e16eefd7d572d5f6b4445be34b45670c8552cf2b
Author: Aaron Michaux <amichaux@ecelinux10.ecn.purdue.edu>
Date:   Mon Jul 22 11:02:38 2013 -0400

    Added a banner message

commit f53d765a6d32ab7e162deef1fa52e8216e3ccac0
Merge: e4ffe99 08d2fcb
Author: Aaron Michaux <amichaux@ecelinux10.ecn.purdue.edu>
Date:   Mon Jul 22 10:59:18 2013 -0400

    Merge branch 'master' of https://github.com/yunghsianglu/ECE264Assignments

commit 77c57cf5b0987f94a8dc7ba6a5b67e9b3481d6c7
Merge: b4c3c20 ddf8341
Author: Aaron Michaux <amichaux@ecelinux10.ecn.purdue.edu>
Date:   Mon Jul 22 10:59:18 2013 -0400

    Merge branch 'master' of https://github.com/yunghsianglu/ECE264Assignments

commit c4e87b8c723b09d58941f6bac3133790a2040378
Author: amichaux <amichaux@blakes-7.(none)>
Date:   Sat Jul 20 20:30:28 2013 -0400

    clean version

commit bb69f1d99480a4310ba5324802c42079f715bc65
Author: amichaux <amichaux@blakes-7.(none)>
Date:   Sat Jul 20 20:16:46 2013 -0400

    answer for PA06

commit 08d2fcb2e2b6e5f459de8b7f9169989221d0094a
Merge: f990d04 c4e87b8
Author: heli522 <li522@purdue.edu>
Date:   Sat Jul 20 16:29:01 2013 -0400

    Merge branch 'master' of https://github.com/yunghsianglu/ECE264Assignments

commit ddf834116b7db6a904e6e8bc4bad98a6e29c51a2
Merge: ba78dee c4e87b8
Author: heli522 <li522@purdue.edu>
Date:   Sat Jul 20 16:29:01 2013 -0400

    Merge branch 'master' of https://github.com/yunghsianglu/ECE264Assignments

commit f990d04d8b67e4a3b5b76462b38e7bca040be84e
Author: heli522 <li522@purdue.edu>
Date:   Sat Jul 20 16:28:22 2013 -0400

    Add Makefile

commit ba78dee3ff615e399b7414ab3e9b52bebc9ccf4e
Author: heli522 <li522@purdue.edu>
Date:   Sat Jul 20 16:28:22 2013 -0400

    Add Makefile

commit e4ffe993fdca6dbd17ce3dd88c30690f04822015
Merge: 09bdd3f f5a1707
Author: Aaron Michaux <amichaux@ecelinux10.ecn.purdue.edu>
Date:   Thu Jul 18 09:52:44 2013 -0400

    Merge branch 'master' of https://github.com/yunghsianglu/ECE264Assignments

commit b4c3c20c29c7c901252fc5e60221396e60f736ed
Merge: 92d6f2d 6952ba5
Author: Aaron Michaux <amichaux@ecelinux10.ecn.purdue.edu>
Date:   Thu Jul 18 09:52:44 2013 -0400

    Merge branch 'master' of https://github.com/yunghsianglu/ECE264Assignments

commit 09bdd3f57189a070c24f00886bee09b8e3c39b83
Merge: 2a5e1f5 401c800
Author: Aaron Michaux <amichaux@ecelinux10.ecn.purdue.edu>
Date:   Thu Jul 18 09:52:36 2013 -0400

    trying to do a git pull, wont let met checkout answer03.c

commit 92d6f2df4162b9fade59c4a7ee5f58b1e75abf49
Merge: 5625cd3 fc8a43c
Author: Aaron Michaux <amichaux@ecelinux10.ecn.purdue.edu>
Date:   Thu Jul 18 09:52:36 2013 -0400

    trying to do a git pull, wont let met checkout answer03.c

commit f5a1707f0012b9076c9b7754cf3c70135a487b04
Author: heli522 <li522@purdue.edu>
Date:   Wed Jul 17 16:38:21 2013 -0400

    Add bin directory

commit 6952ba5892fcb03a510dba7b85cc44e46f5b7cef
Author: heli522 <li522@purdue.edu>
Date:   Wed Jul 17 16:38:21 2013 -0400

    Add bin directory

commit b3ab68fa29163fc431f46b2e2218fc8eec9a6ee3
Author: heli522 <li522@purdue.edu>
Date:   Wed Jul 17 16:15:16 2013 -0400

    Add Additional FAQ 3: What is a bit-representation header?

commit 496be787be9791bea274c3846cfae23612cb2426
Author: heli522 <li522@purdue.edu>
Date:   Wed Jul 17 16:15:16 2013 -0400

    Add Additional FAQ 3: What is a bit-representation header?

commit a831c9fbfb982625415b04e210817a17044818cf
Author: heli522 <li522@purdue.edu>
Date:   Tue Jul 16 18:52:50 2013 -0400

    Changes to README, pa05.h, rename of inputs in ch_header_inputs

commit 14d7b61b152c4600ae02db528a0aca31c34c092a
Author: heli522 <li522@purdue.edu>
Date:   Tue Jul 16 18:52:50 2013 -0400

    Changes to README, pa05.h, rename of inputs in ch_header_inputs

commit fcc4bf68253a51f79c9a27bc4fd2035038adb258
Author: heli522 <li522@purdue.edu>
Date:   Fri Jul 12 15:15:27 2013 -0400

    Created assignment05

commit 39486b560677ba8b335623104295c5fa29d90f20
Author: heli522 <li522@purdue.edu>
Date:   Fri Jul 12 15:15:27 2013 -0400

    Created assignment05

commit a9e18ded1d43777fb5688ca7b66098595fb0510d
Author: yuhao <yuhao@yuhao-sony.(none)>
Date:   Wed Jul 10 13:38:16 2013 -0400

    updated makefile, now make test tells you whether your program is wrong or not.

commit e69313c5c78a7e4b092fbcee8be2d137d6bcdf7d
Author: yuhao <yuhao@yuhao-sony.(none)>
Date:   Wed Jul 10 13:38:16 2013 -0400

    updated makefile, now make test tells you whether your program is wrong or not.

commit c42ac7f14dd8809a21b764e532e98a141c2118a1
Author: yuhao <yuhao@yuhao-sony.(none)>
Date:   Tue Jul 9 13:31:02 2013 -0400

    changed the order of function to write and added function name to header

commit a71b543df46778cb8fafcf8400a81fe8db020bf6
Author: yuhao <yuhao@yuhao-sony.(none)>
Date:   Tue Jul 9 13:31:02 2013 -0400

    changed the order of function to write and added function name to header

commit 88887cbe07c8b7eb31d0b7d19f92eb722efe94a1
Author: yuhao <yuhao@yuhao-sony.(none)>
Date:   Tue Jul 9 11:53:46 2013 -0400

    deleted unused constants in header and fixed a bracket bug in answer04.c

commit 680096847e130c073d3812210590ccbfcec32e40
Author: yuhao <yuhao@yuhao-sony.(none)>
Date:   Tue Jul 9 11:53:46 2013 -0400

    deleted unused constants in header and fixed a bracket bug in answer04.c

commit ab2cdcdf7819cfd91e950a372d6f492e5dd69bbf
Author: yuhao <yuhao@yuhao-sony.(none)>
Date:   Tue Jul 9 11:20:54 2013 -0400

    added prints on arraies

commit 526cea72af9a925702ceb14cc087470778d304e1
Author: yuhao <yuhao@yuhao-sony.(none)>
Date:   Tue Jul 9 11:20:54 2013 -0400

    added prints on arraies

commit 795c7ad8c6cd572962c4ee6aa2ee9db7a5968901
Author: yuhao <yuhao@yuhao-sony.(none)>
Date:   Tue Jul 9 11:20:34 2013 -0400

    added description about readme

commit 141b5490b6c5ca63471b44f7348fcae56feff207
Author: yuhao <yuhao@yuhao-sony.(none)>
Date:   Tue Jul 9 11:20:34 2013 -0400

    added description about readme

commit 3f9b47acf836178379e79a3559e695efc59add4f
Author: chenyuhao <chen902@purdue.edu>
Date:   Mon Jul 8 17:04:19 2013 -0400

    fixed header file

commit 8dd8b4ff84470d646ba1df4010e38b491b73a917
Author: chenyuhao <chen902@purdue.edu>
Date:   Mon Jul 8 17:04:19 2013 -0400

    fixed header file

commit ceedcd93a70d428fdbfac9f3aa5e6c5ea4ce03f4
Author: yunghsianglu <yunglu@purdue.edu>
Date:   Mon Jul 8 10:01:57 2013 -0400

    tell students not to modify pa04.c

commit ba8bc4f21892947cba54d71ffe5582786fcc6c24
Author: yunghsianglu <yunglu@purdue.edu>
Date:   Mon Jul 8 10:01:57 2013 -0400

    tell students not to modify pa04.c

commit bd1367689395fe825d240a5cff1854df616a0d66
Author: yunghsianglu <yunglu@purdue.edu>
Date:   Mon Jul 8 09:51:13 2013 -0400

    correction

commit e00ff92857239a99caafd70bd76a9a382ec6dadf
Author: yunghsianglu <yunglu@purdue.edu>
Date:   Mon Jul 8 09:51:13 2013 -0400

    correction

commit 3490705da9f4efc3b794488e7d8ec92eba2f781f
Author: yunghsianglu <yunglu@purdue.edu>
Date:   Fri Jul 5 13:24:58 2013 -0400

    clarification

commit 48fb659685fdf33f912039d91eb1c3c391693e6c
Author: yunghsianglu <yunglu@purdue.edu>
Date:   Fri Jul 5 13:24:58 2013 -0400

    clarification

commit 671b53313acb2a79af59704a0a7e8ce396da316e
Author: yunghsianglu <yunglu@purdue.edu>
Date:   Fri Jul 5 11:54:43 2013 -0400

    formatting

commit 408daceb62560de0dca3204d6e415e9c7fd6928b
Author: yunghsianglu <yunglu@purdue.edu>
Date:   Fri Jul 5 11:54:43 2013 -0400

    formatting

commit 89eab16064483a2b4426eb65e114d6e5f3ba6940
Merge: 9074f67 1abe478
Author: yunghsianglu <yunglu@purdue.edu>
Date:   Fri Jul 5 11:40:40 2013 -0400

    Merge branch 'master' of https://github.com/yunghsianglu/ECE264Assignments

commit ddb6b90041cf705619f83a64ce3ea09dccec5de7
Merge: 1d7fc97 848fdb2
Author: yunghsianglu <yunglu@purdue.edu>
Date:   Fri Jul 5 11:40:40 2013 -0400

    Merge branch 'master' of https://github.com/yunghsianglu/ECE264Assignments

commit 9074f67f4ca31be49173c324d38c198d671934c4
Author: yunghsianglu <yunglu@purdue.edu>
Date:   Fri Jul 5 11:40:24 2013 -0400

    clarification

commit 1d7fc9790e67c82ec6c4f8aeda76ee16a938f91c
Author: yunghsianglu <yunglu@purdue.edu>
Date:   Fri Jul 5 11:40:24 2013 -0400

    clarification

commit 1abe478d30a23662d4ce4fe7ab79ccea05b96c5b
Author: Yung-Hsiang Lu <yunglu@msee222lnx.ecn.purdue.edu>
Date:   Fri Jul 5 11:38:52 2013 -0400

    clarification

commit 848fdb24a03c7b56dbabce50e5aeb6d49a169474
Author: Yung-Hsiang Lu <yunglu@msee222lnx.ecn.purdue.edu>
Date:   Fri Jul 5 11:38:52 2013 -0400

    clarification

commit 392067240cc4bd25ca2c0a551115d8fdee59901e
Author: Yung-Hsiang Lu <yunglu@msee222lnx.ecn.purdue.edu>
Date:   Fri Jul 5 11:35:34 2013 -0400

    formatting and clarification

commit 44a69140f1bf17c5a1c554ca707ae2e5d3ee7e30
Author: Yung-Hsiang Lu <yunglu@msee222lnx.ecn.purdue.edu>
Date:   Fri Jul 5 11:35:34 2013 -0400

    formatting and clarification

commit 6d1fd8468d14b334b6d43e152cb3cec2d1e61160
Author: yuhao <yuhao@yuhao-sony.(none)>
Date:   Thu Jul 4 19:10:58 2013 -0400

    fixed bug in printing NULL array

commit 3be227bf543008c7a0e34b2ba2186de7223fa296
Author: yuhao <yuhao@yuhao-sony.(none)>
Date:   Thu Jul 4 19:10:58 2013 -0400

    fixed bug in printing NULL array

commit fb2a5d62241854bf00e5223c83a4073cf1d573bc
Merge: 9ee7f79 14dd830
Author: yuhao <yuhao@yuhao-sony.(none)>
Date:   Thu Jul 4 13:37:08 2013 -0400

    Merge branch 'master' of https://github.com/yunghsianglu/ECE264Assignments

commit ef7292de347d2a8fe9669e13356364322c9d80c1
Merge: bf1cc9c 493ef72
Author: yuhao <yuhao@yuhao-sony.(none)>
Date:   Thu Jul 4 13:37:08 2013 -0400

    Merge branch 'master' of https://github.com/yunghsianglu/ECE264Assignments

commit 9ee7f79fb56ab74aae2a9b7ecb3e65046dddd903
Author: yuhao <yuhao@yuhao-sony.(none)>
Date:   Thu Jul 4 13:36:37 2013 -0400

    added PA04 assignment

commit bf1cc9c96bd6fb94e2cb6c3c428f6a9d8e3df024
Author: yuhao <yuhao@yuhao-sony.(none)>
Date:   Thu Jul 4 13:36:37 2013 -0400

    added PA04 assignment

commit 14dd8304e16f0bf16f1964385cb8fcc27a529348
Author: amichaux <amichaux@blakes-7.(none)>
Date:   Tue Jul 2 18:32:17 2013 -0400

    want to load image1 and image2 always

commit 493ef7287639ca43079319ab646baf431371111a
Author: amichaux <amichaux@blakes-7.(none)>
Date:   Tue Jul 2 18:32:17 2013 -0400

    want to load image1 and image2 always

commit d0e13965e8c0344f9fde3f46dcc104563d4e9590
Author: amichaux <amichaux@blakes-7.(none)>
Date:   Mon Jul 1 21:11:52 2013 -0400

    removed goto

commit 99132755951733da4abdd0c5765863a31bb078c7
Author: amichaux <amichaux@blakes-7.(none)>
Date:   Mon Jul 1 21:11:52 2013 -0400

    removed goto

commit ea161236221182f6e3ffba6d0f8c83e810896a66
Author: Yung-Hsiang Lu <yunglu@msee222lnx.ecn.purdue.edu>
Date:   Mon Jul 1 08:27:53 2013 -0400

    formatting

commit 811a5a77951f6c0012959b31a8d9048ae47988d2
Author: Yung-Hsiang Lu <yunglu@msee222lnx.ecn.purdue.edu>
Date:   Mon Jul 1 08:27:53 2013 -0400

    formatting

commit 401c800af7c4b19eb7e8cf0ca65a1eb05921834d
Merge: 13963e2 b081fb5
Author: amichaux <amichaux@blakes-7.(none)>
Date:   Tue Jun 25 16:33:20 2013 -0400

    Merge branch 'master' of https://github.com/yunghsianglu/ECE264Assignments

commit fc8a43cb050e9320bc696adb69bf34207ecf4601
Merge: d023371 20149aa
Author: amichaux <amichaux@blakes-7.(none)>
Date:   Tue Jun 25 16:33:20 2013 -0400

    Merge branch 'master' of https://github.com/yunghsianglu/ECE264Assignments

commit 13963e23dd9fd1e457e1bbc235b10ce4fa711efc
Author: amichaux <amichaux@blakes-7.(none)>
Date:   Tue Jun 25 16:32:59 2013 -0400

    Uploading PA03

commit d0233711725f56229eb2127e9f693a711ab14c44
Author: amichaux <amichaux@blakes-7.(none)>
Date:   Tue Jun 25 16:32:59 2013 -0400

    Uploading PA03

commit 2a5e1f52ccf10b761627cf034f8d747878043191
Merge: 70734c9 b081fb5
Author: Aaron Michaux <amichaux@ecelinux20.ecn.purdue.edu>
Date:   Tue Jun 25 15:44:52 2013 -0400

    Merge branch 'master' of https://github.com/yunghsianglu/ECE264Assignments

commit 5625cd36c5b952d475d68d099a0fdd95a249f55b
Merge: 7d76f19 20149aa
Author: Aaron Michaux <amichaux@ecelinux20.ecn.purdue.edu>
Date:   Tue Jun 25 15:44:52 2013 -0400

    Merge branch 'master' of https://github.com/yunghsianglu/ECE264Assignments

commit 70734c9f37cd8bce5fe6256d0b007b5074de13ea
Author: Aaron Michaux <amichaux@ecelinux20.ecn.purdue.edu>
Date:   Tue Jun 25 15:44:47 2013 -0400

    Assignment 3 added

commit 7d76f19f50f904eea8670315c44ff032d3c9abe1
Author: Aaron Michaux <amichaux@ecelinux20.ecn.purdue.edu>
Date:   Tue Jun 25 15:44:47 2013 -0400

    Assignment 3 added

commit b081fb52edfb2fc76099f7af4d16033cd774e1fb
Author: yuhao <yuhao@yuhao-sony.(none)>
Date:   Mon Jun 24 15:16:31 2013 -0400

    added grade to test, added test_detail and grading

commit 20149aae46b1a3f1813e9a8b84a3585aef003f46
Author: yuhao <yuhao@yuhao-sony.(none)>
Date:   Mon Jun 24 15:16:31 2013 -0400

    added grade to test, added test_detail and grading

commit e425178879710d4da1d0e3338a65c30f61aecb26
Author: heli522 <li522@purdue.edu>
Date:   Tue Jun 18 14:24:29 2013 -0400

    Change of Makefile and README

commit 6a449ab474c8a43c2e98e67d594e72b2d3c90254
Author: heli522 <li522@purdue.edu>
Date:   Tue Jun 18 14:24:29 2013 -0400

    Change of Makefile and README

commit ddc1babfef6309fb7d8c672e6513aaa71c9cd12b
Author: heli522 <li522@purdue.edu>
Date:   Mon Jun 17 21:52:43 2013 -0400

    Change of README.

commit 43f8be24454f54726406b6300cc331839c0d0e0d
Author: heli522 <li522@purdue.edu>
Date:   Mon Jun 17 21:52:43 2013 -0400

    Change of README.

commit 16c201e59ab4277be73e6d6a27cb57e3590de704
Author: heli522 <li522@purdue.edu>
Date:   Mon Jun 17 16:06:50 2013 -0400

    Change of README, add explanation of the main function.

commit d3b33b1a01efdb2a9de31fb2682cb6a66523a91c
Author: heli522 <li522@purdue.edu>
Date:   Mon Jun 17 16:06:50 2013 -0400

    Change of README, add explanation of the main function.

commit 14b852d623630b6c3d783cd97c84b5cd97916edc
Author: heli522 <li522@purdue.edu>
Date:   Fri Jun 14 21:51:51 2013 -0400

    Modified Makefile

commit b209c0f6941d6c9d9db0c4fd2cf21a7ffe2765e2
Author: heli522 <li522@purdue.edu>
Date:   Fri Jun 14 21:51:51 2013 -0400

    Modified Makefile

commit 4b8e67434d01855b7d3da6aadde002f7ba71049f
Author: yunglu <yunglu@yunglu-Latitude-E6320.(none)>
Date:   Tue Jun 11 16:05:47 2013 -0400

    remove unnecessary comments

commit de8f2d330cda28d6980fa43be394b02d82d0c0f0
Author: yunglu <yunglu@yunglu-Latitude-E6320.(none)>
Date:   Tue Jun 11 16:05:47 2013 -0400

    remove unnecessary comments

commit faa98439da024826f9331ecccc0ca571645d30b7
Author: yunglu <yunglu@yunglu-Latitude-E6320.(none)>
Date:   Tue Jun 11 11:17:17 2013 -0400

    correct the explanation (in comment)

commit d6fcea3a7d42998163792f5afe4389e0af4d685c
Author: yunglu <yunglu@yunglu-Latitude-E6320.(none)>
Date:   Tue Jun 11 11:17:17 2013 -0400

    correct the explanation (in comment)

commit 13f89687ee511be609e4b971f5541cdc568abfa8
Author: Yuhao Chen <yuhao@yuhao-G73SW.(none)>
Date:   Tue Jun 11 01:35:20 2013 -0400

    fixed bug for expect output file. it was route to the nonexisting file

commit 7d9d5b2f1f8b7a5a347c61cd38969844b8a91733
Author: Yuhao Chen <yuhao@yuhao-G73SW.(none)>
Date:   Tue Jun 11 01:35:20 2013 -0400

    fixed bug for expect output file. it was route to the nonexisting file

commit 807681f73954f0b9eb1a6548a84568ee40c87be2
Author: yunglu <yunglu@purdue.edu>
Date:   Mon Jun 10 10:51:07 2013 -0400

    assignment spec

commit 0af97edd58c20545225f57f086f17272bb4af050
Author:  <yunglu@purdue.edu>
Date:   Mon Jun 10 10:51:07 2013 -0400

    assignment spec

commit d10c1071e5437cc469fc22bcfed9df92a2c2ba92
Author: yunglu <yunglu@purdue.edu>
Date:   Mon Jun 10 10:43:18 2013 -0400

    remove the part about grade.pl

commit 073656715f1e05ff2a9bbceab020bcca544745f2
Author:  <yunglu@purdue.edu>
Date:   Mon Jun 10 10:43:18 2013 -0400

    remove the part about grade.pl

commit 2c1b2d7f871dcaa40ef97416a9b9aaf55559201c
Author: yunglu <yunglu@purdue.edu>
Date:   Sat Jun 8 19:06:17 2013 -0400

    explain -w in diff

commit 4109c171f3224b976433ff512233576ca49c87d1
Author:  <yunglu@purdue.edu>
Date:   Sat Jun 8 19:06:17 2013 -0400

    explain -w in diff

commit 499cd2ee48cf882dbef870b3321e0db5dd7d0ef5
Author: yunglu <yunglu@purdue.edu>
Date:   Sat Jun 8 18:58:03 2013 -0400

    rename the files in the outputs directory

commit 3970a19dd09fb09f9e80372cba37e9cc8676a3ae
Author:  <yunglu@purdue.edu>
Date:   Sat Jun 8 18:58:03 2013 -0400

    rename the files in the outputs directory

commit 43801a0a5ccc5780e6676d4d0d49a0e38654a4bb
Author: amichaux <amichaux@blakes-7.(none)>
Date:   Fri Jun 7 16:56:15 2013 -0400

    Cleaned up layout

commit 956cff3ed8c5f88befcd641e24a3febc2fcaa008
Author: amichaux <amichaux@blakes-7.(none)>
Date:   Fri Jun 7 16:56:15 2013 -0400

    Cleaned up layout

commit d1c6f9b386e97ae745e505c2b112b9095df4cfe9
Author: amichaux <amichaux@blakes-7.(none)>
Date:   Fri Jun 7 16:43:44 2013 -0400

    improved layout

commit 15d5758244f61732981135e0ee53bd5716089a5f
Author: amichaux <amichaux@blakes-7.(none)>
Date:   Fri Jun 7 16:43:44 2013 -0400

    improved layout

commit 723b3d16678ec9ea53811394e2897f2eefb26578
Author: amichaux <amichaux@blakes-7.(none)>
Date:   Fri Jun 7 16:42:33 2013 -0400

    Memory check

commit f2e1eb126cbd00fc35847e7d32c7da57150b9567
Author: amichaux <amichaux@blakes-7.(none)>
Date:   Fri Jun 7 16:42:33 2013 -0400

    Memory check

commit a8ec9ab26a6e3033e4d0d6d44f201d63c7284737
Author: amichaux <amichaux@blakes-7.(none)>
Date:   Fri Jun 7 12:58:50 2013 -0400

    Removed corner-case error on calling multipl make cleans in a row

commit 710c37554da88654a11fc61f14991587f4a9a553
Author: amichaux <amichaux@blakes-7.(none)>
Date:   Fri Jun 7 12:58:50 2013 -0400

    Removed corner-case error on calling multipl make cleans in a row

commit 33e30d135f78c0ba351885444d3ab4126cd94e5a
Author: amichaux <amichaux@blakes-7.(none)>
Date:   Fri Jun 7 12:54:43 2013 -0400

    make clean now removes obj folder

commit 98933d03e264b0e15e02d19c2ccb413a212dd483
Author: amichaux <amichaux@blakes-7.(none)>
Date:   Fri Jun 7 12:54:43 2013 -0400

    make clean now removes obj folder

commit 4d6e5c97fa69c0e42628f6641e8b9e20198d0b66
Author: amichaux <amichaux@blakes-7.(none)>
Date:   Fri Jun 7 12:52:32 2013 -0400

    Improved layout

commit d9606110d938e1db3f85cfcb22b64258fc9e8cfe
Author: amichaux <amichaux@blakes-7.(none)>
Date:   Fri Jun 7 12:52:32 2013 -0400

    Improved layout

commit 37e019e780653157038d1444161c9b25446724a9
Author: amichaux <amichaux@blakes-7.(none)>
Date:   Fri Jun 7 12:49:52 2013 -0400

    Fixed help, added make all (build, test, and memcheck), and made sure that test actually runs target

commit 371dde3a3ca7cd0f598209c606331bc2d14044e8
Author: amichaux <amichaux@blakes-7.(none)>
Date:   Fri Jun 7 12:49:52 2013 -0400

    Fixed help, added make all (build, test, and memcheck), and made sure that test actually runs target

commit 1f04e45ff167bc3baa3588c150cc633688cfb3dc
Author: amichaux <amichaux@blakes-7.(none)>
Date:   Fri Jun 7 12:45:18 2013 -0400

    Fixed variable name DEPF => DEPS

commit decd09b33bb93c228001c6b41819e0b712c302ca
Author: amichaux <amichaux@blakes-7.(none)>
Date:   Fri Jun 7 12:45:18 2013 -0400

    Fixed variable name DEPF => DEPS

commit 45eb0ac9d709e634f53ada180ec53c6f93924185
Author: amichaux <amichaux@blakes-7.(none)>
Date:   Fri Jun 7 12:41:44 2013 -0400

    Updates to makefile

commit bbe2a5274161fd38fda1a94f35da55bdc9280cc7
Author: amichaux <amichaux@blakes-7.(none)>
Date:   Fri Jun 7 12:41:44 2013 -0400

    Updates to makefile

commit 9a143964aee810b9f5561bef1b2ab05ea6fe8063
Author: amichaux <amichaux@blakes-7.(none)>
Date:   Thu Jun 6 14:18:20 2013 -0400

    Directions in comments for output specification

commit 1b9364af5b2ac65d3587b45cad94faf49ebd4999
Author: amichaux <amichaux@blakes-7.(none)>
Date:   Thu Jun 6 14:18:20 2013 -0400

    Directions in comments for output specification

commit 81040550607d77fa04b05e51006f3708144aadc5
Author: amichaux <amichaux@blakes-7.(none)>
Date:   Wed Jun 5 17:53:55 2013 -0400

    Example output file added

commit 07be269fc144fda7f7f30cad9958e2f77b3ba313
Author: amichaux <amichaux@blakes-7.(none)>
Date:   Wed Jun 5 17:53:55 2013 -0400

    Example output file added

commit 06087f944ecd2631d3c7610bfdbb15b77dfd004e
Author: yunglu <yunglu@purdue.edu>
Date:   Wed Jun 5 14:52:43 2013 -0400

    question for PA01

commit f57bc59c8dd76bb5f2ce23b92cbd31d6fb654700
Author:  <yunglu@purdue.edu>
Date:   Wed Jun 5 14:52:43 2013 -0400

    question for PA01

commit 0098b018a0f0573c60c7a9d7066d7aa97c60a8e5
Author: yunglu <yunglu@purdue.edu>
Date:   Sat Jun 1 09:12:07 2013 -0400

    add README

commit f6bb13553d601c47b8e2794122ff64cd62918e14
Author:  <yunglu@purdue.edu>
Date:   Sat Jun 1 09:12:07 2013 -0400

    add README

commit 6b0d0651720d8538680ff2ab50b88d4604b76d00
Merge: 7c5db39 04849ab
Author: yunglu <yunglu@yunglu-Latitude-E6320.(none)>
Date:   Fri May 31 15:07:00 2013 -0400

    Merge branch 'master' of https://github.com/yunghsianglu/ECE264Assignments

commit 8c26870d13eb15854bf6f63468b738bc29706445
Merge: 01f2772 04849ab
Author: yunglu <yunglu@yunglu-Latitude-E6320.(none)>
Date:   Fri May 31 15:07:00 2013 -0400

    Merge branch 'master' of https://github.com/yunghsianglu/ECE264Assignments

commit 7c5db39d8a2e00e652fbb3c3af5e18117a9b0c85
Author: yunglu <yunglu@purdue.edu>
Date:   Fri May 31 14:54:21 2013 -0300

    add the programming assignments from spring 2013

commit 01f277280655b2912ce912198ec71251a8243abf
Author:  <yunglu@purdue.edu>
Date:   Fri May 31 14:54:21 2013 -0300

    add the programming assignments from spring 2013

commit 04849ab9bcd4e0a4513f4f98b48168343cf73b8c
Author: Yung-Hsiang Lu <yunglu@purdue.edu>
Date:   Fri May 31 14:54:21 2013 -0300

    Create .gitignore
