==10897== Memcheck, a memory error detector
==10897== Copyright (C) 2002-2012, and GNU GPL'd, by Julian Seward et al.
==10897== Using Valgrind-3.8.1 and LibVEX; rerun with -h for copyright info
==10897== Command: ./pa02
==10897== Parent PID: 4892
==10897== 
--10897-- 
--10897-- Valgrind options:
--10897--    --tool=memcheck
--10897--    --leak-check=full
--10897--    --verbose
--10897--    --log-file=memcheck.log
--10897-- Contents of /proc/version:
--10897--   Linux version 2.6.32-431.29.2.el6.x86_64 (mockbuild@x86-026.build.eng.bos.redhat.com) (gcc version 4.4.7 20120313 (Red Hat 4.4.7-4) (GCC) ) #1 SMP Sun Jul 27 15:55:46 EDT 2014
--10897-- Arch and hwcaps: AMD64, amd64-sse3
--10897-- Page sizes: currently 4096, max supported 4096
--10897-- Valgrind library directory: /usr/lib64/valgrind
--10897-- Reading syms from /home/shay/a/jain98/ECE264/problems/ECE264Assignments/Fall2014/PA02/pa02
--10897-- Reading syms from /usr/lib64/valgrind/memcheck-amd64-linux
--10897--    object doesn't have a dynamic symbol table
--10897-- Reading syms from /lib64/ld-2.12.so
--10897-- Scheduler: using generic scheduler lock implementation.
--10897-- Reading suppressions file: /usr/lib64/valgrind/default.supp
==10897== embedded gdbserver: reading from /tmp/vgdb-pipe-from-vgdb-to-10897-by-jain98-on-ecegrid-thin6.ecn.purdue.edu
==10897== embedded gdbserver: writing to   /tmp/vgdb-pipe-to-vgdb-from-10897-by-jain98-on-ecegrid-thin6.ecn.purdue.edu
==10897== embedded gdbserver: shared mem   /tmp/vgdb-pipe-shared-mem-vgdb-10897-by-jain98-on-ecegrid-thin6.ecn.purdue.edu
==10897== 
==10897== TO CONTROL THIS PROCESS USING vgdb (which you probably
==10897== don't want to do, unless you know exactly what you're doing,
==10897== or are doing some strange experiment):
==10897==   /usr/lib64/valgrind/../../bin/vgdb --pid=10897 ...command...
==10897== 
==10897== TO DEBUG THIS PROCESS USING GDB: start GDB like this
==10897==   /path/to/gdb ./pa02
==10897== and then give GDB the following command
==10897==   target remote | /usr/lib64/valgrind/../../bin/vgdb --pid=10897
==10897== --pid is optional if only one valgrind process is running
==10897== 
--10897-- REDIR: 0x3937017530 (strlen) redirected to 0x38049551 (vgPlain_amd64_linux_REDIR_FOR_strlen)
--10897-- Reading syms from /usr/lib64/valgrind/vgpreload_core-amd64-linux.so
--10897-- Reading syms from /usr/lib64/valgrind/vgpreload_memcheck-amd64-linux.so
--10897-- REDIR: 0x39370173a0 (index) redirected to 0x4a07bf0 (index)
--10897-- REDIR: 0x3937017420 (strcmp) redirected to 0x4a08530 (strcmp)
--10897-- Reading syms from /lib64/libc-2.12.so
--10897-- REDIR: 0x3937484cd0 (strcasecmp) redirected to 0x480155c (_vgnU_ifunc_wrapper)
--10897-- REDIR: 0x3937486f90 (strncasecmp) redirected to 0x480155c (_vgnU_ifunc_wrapper)
--10897-- REDIR: 0x3937482c40 (__GI_strrchr) redirected to 0x4a07a70 (__GI_strrchr)
--10897-- REDIR: 0x3937481160 (__GI_strlen) redirected to 0x4a07f70 (__GI_strlen)
--10897-- REDIR: 0x393748aaf0 (strchrnul) redirected to 0x4a09f10 (strchrnul)
--10897-- REDIR: 0x393747b520 (free) redirected to 0x4a06369 (free)
==10897== 
==10897== HEAP SUMMARY:
==10897==     in use at exit: 0 bytes in 0 blocks
==10897==   total heap usage: 0 allocs, 0 frees, 0 bytes allocated
==10897== 
==10897== All heap blocks were freed -- no leaks are possible
==10897== 
==10897== ERROR SUMMARY: 0 errors from 0 contexts (suppressed: 6 from 6)
--10897-- 
--10897-- used_suppression:      4 U1004-ARM-_dl_relocate_object
--10897-- used_suppression:      2 glibc-2.5.x-on-SUSE-10.2-(PPC)-2a
==10897== 
==10897== ERROR SUMMARY: 0 errors from 0 contexts (suppressed: 6 from 6)
